<?xml version="1.0" encoding="utf-8"?>
<test-run id="2" testcasecount="260" result="Failed(Child)" total="260" passed="259" failed="1" inconclusive="0" skipped="0" asserts="0" engine-version="3.5.0.0" clr-version="4.0.30319.42000" start-time="2025-12-20 19:45:57Z" end-time="2025-12-20 19:47:25Z" duration="88.4037149">
  <test-suite type="TestSuite" id="1289" name="Deadlock" fullname="Deadlock" runstate="Runnable" testcasecount="260" result="Failed" site="Child" start-time="2025-12-20 19:45:57Z" end-time="2025-12-20 19:47:25Z" duration="88.403715" total="260" passed="259" failed="1" inconclusive="0" skipped="0" asserts="0">
    <properties>
      <property name="platform" value="PlayMode" />
    </properties>
    <failure>
      <message><![CDATA[One or more child tests had errors]]></message>
    </failure>
    <test-suite type="Assembly" id="1287" name="PlayModeTests.dll" fullname="H:/Repo/DeadLock_Controls/Library/ScriptAssemblies/PlayModeTests.dll" runstate="Runnable" testcasecount="260" result="Failed" site="Child" start-time="2025-12-20 19:45:57Z" end-time="2025-12-20 19:47:25Z" duration="88.394590" total="260" passed="259" failed="1" inconclusive="0" skipped="0" asserts="0">
      <properties>
        <property name="_PID" value="18924" />
        <property name="_APPDOMAIN" value="Unity Child Domain" />
        <property name="platform" value="PlayMode" />
        <property name="EditorOnly" value="False" />
      </properties>
      <failure>
        <message><![CDATA[One or more child tests had errors]]></message>
      </failure>
      <test-suite type="TestFixture" id="1001" name="AbilitySystemTests" fullname="AbilitySystemTests" classname="AbilitySystemTests" runstate="Runnable" testcasecount="13" result="Passed" start-time="2025-12-20 19:45:57Z" end-time="2025-12-20 19:45:59Z" duration="1.865334" total="13" passed="13" failed="0" inconclusive="0" skipped="0" asserts="0">
        <properties />
        <test-case id="1002" name="Test_AbilityActivation" fullname="AbilitySystemTests.Test_AbilityActivation" methodname="Test_AbilityActivation" classname="AbilitySystemTests" runstate="Runnable" seed="403742102" result="Passed" start-time="2025-12-20 19:45:57Z" end-time="2025-12-20 19:45:57Z" duration="0.021133" asserts="0">
          <properties>
            <property name="_JOINTYPE" value="UnityCombinatorial" />
            <property name="retryIteration" value="0" />
            <property name="repeatIteration" value="0" />
          </properties>
          <output><![CDATA[TestShip: No AbilitySystem component found. Abilities will not be available.
TestShip: No WeaponManager component found. Weapons will not be available.
AbilitySystem initialized on TestShip. Loaded 1 abilities.
Queued ability: Emergency Cooling (Heat cost: 0)
]]></output>
        </test-case>
        <test-case id="1011" name="Test_AbilityActivationByIndex" fullname="AbilitySystemTests.Test_AbilityActivationByIndex" methodname="Test_AbilityActivationByIndex" classname="AbilitySystemTests" runstate="Runnable" seed="1959868596" result="Passed" start-time="2025-12-20 19:45:57Z" end-time="2025-12-20 19:45:57Z" duration="0.002169" asserts="0">
          <properties>
            <property name="_JOINTYPE" value="UnityCombinatorial" />
            <property name="retryIteration" value="0" />
            <property name="repeatIteration" value="0" />
          </properties>
          <output><![CDATA[TestShip: No AbilitySystem component found. Abilities will not be available.
TestShip: No WeaponManager component found. Weapons will not be available.
AbilitySystem initialized on TestShip. Loaded 2 abilities.
Queued ability: Emergency Cooling (Heat cost: 0)
]]></output>
        </test-case>
        <test-case id="1004" name="Test_AbilityCannotActivateInsufficientHeat" fullname="AbilitySystemTests.Test_AbilityCannotActivateInsufficientHeat" methodname="Test_AbilityCannotActivateInsufficientHeat" classname="AbilitySystemTests" runstate="Runnable" seed="1386394352" result="Passed" start-time="2025-12-20 19:45:57Z" end-time="2025-12-20 19:45:57Z" duration="0.007321" asserts="0">
          <properties>
            <property name="_JOINTYPE" value="UnityCombinatorial" />
            <property name="retryIteration" value="0" />
            <property name="repeatIteration" value="0" />
          </properties>
          <output><![CDATA[TestShip: No AbilitySystem component found. Abilities will not be available.
TestShip: No WeaponManager component found. Weapons will not be available.
AbilitySystem initialized on TestShip. Loaded 1 abilities.
TestShip - Planned heat: 20.0 (Total with current: 20.0)
TestShip - Heat committed. Current: 20.0, Tier: Safe
TestShip - Planned heat: 20.0 (Total with current: 40.0)
TestShip - Heat committed. Current: 40.0, Tier: Safe
TestShip - Planned heat: 20.0 (Total with current: 60.0)
TestShip - Heat tier changed: Safe → Minor
TestShip - Heat committed. Current: 60.0, Tier: Minor
TestShip - Planned heat: 20.0 (Total with current: 80.0)
TestShip - Heat tier changed: Minor → Moderate
TestShip - Heat committed. Current: 80.0, Tier: Moderate
TestShip - Planned heat: 20.0 (Total with current: 100.0)
TestShip - Heat tier changed: Moderate → Severe
TestShip - Heat committed. Current: 100.0, Tier: Severe
TestShip - Planned heat: 20.0 (Total with current: 120.0)
TestShip - Heat tier changed: Severe → Critical
TestShip - Heat committed. Current: 120.0, Tier: Critical
TestShip - Planned heat: 20.0 (Total with current: 140.0)
TestShip - Heat committed. Current: 140.0, Tier: Critical
TestShip - Planned heat: 20.0 (Total with current: 160.0)
TestShip - Heat tier changed: Critical → Catastrophic
TestShip - Heat committed. Current: 160.0, Tier: Catastrophic
TestShip - Planned heat: 20.0 (Total with current: 180.0)
TestShip - Heat committed. Current: 180.0, Tier: Catastrophic
TestShip - Planned heat: 20.0 (Total with current: 200.0)
TestShip - Heat committed. Current: 200.0, Tier: Catastrophic
TestShip - Planned heat: 20.0 (Total with current: 220.0)
TestShip - Heat committed. Current: 220.0, Tier: Catastrophic
TestShip - Planned heat: 20.0 (Total with current: 240.0)
TestShip - Heat committed. Current: 240.0, Tier: Catastrophic
TestShip - Planned heat: 20.0 (Total with current: 260.0)
TestShip - Heat committed. Current: 260.0, Tier: Catastrophic
TestShip - Planned heat: 20.0 (Total with current: 280.0)
TestShip - Heat committed. Current: 280.0, Tier: Catastrophic
TestShip - Planned heat: 10.0 (Total with current: 290.0)
TestShip - Heat committed. Current: 290.0, Tier: Catastrophic
Shield Boost cannot be used: Shields active (200/200)
]]></output>
        </test-case>
        <test-case id="1003" name="Test_AbilityCannotActivateOnCooldown" fullname="AbilitySystemTests.Test_AbilityCannotActivateOnCooldown" methodname="Test_AbilityCannotActivateOnCooldown" classname="AbilitySystemTests" runstate="Runnable" seed="2105203295" result="Passed" start-time="2025-12-20 19:45:57Z" end-time="2025-12-20 19:45:57Z" duration="0.001680" asserts="0">
          <properties>
            <property name="_JOINTYPE" value="UnityCombinatorial" />
            <property name="retryIteration" value="0" />
            <property name="repeatIteration" value="0" />
          </properties>
          <output><![CDATA[TestShip: No AbilitySystem component found. Abilities will not be available.
TestShip: No WeaponManager component found. Weapons will not be available.
AbilitySystem initialized on TestShip. Loaded 1 abilities.
Emergency Cooling is on cooldown (3 turns remaining)
]]></output>
        </test-case>
        <test-case id="1005" name="Test_AbilityCooldownTick" fullname="AbilitySystemTests.Test_AbilityCooldownTick" methodname="Test_AbilityCooldownTick" classname="AbilitySystemTests" runstate="Runnable" seed="1220441412" result="Passed" start-time="2025-12-20 19:45:57Z" end-time="2025-12-20 19:45:57Z" duration="0.002132" asserts="0">
          <properties>
            <property name="_JOINTYPE" value="UnityCombinatorial" />
            <property name="retryIteration" value="0" />
            <property name="repeatIteration" value="0" />
          </properties>
          <output><![CDATA[TestShip: No AbilitySystem component found. Abilities will not be available.
TestShip: No WeaponManager component found. Weapons will not be available.
AbilitySystem initialized on TestShip. Loaded 1 abilities.
Emergency Cooling cooldown finished
]]></output>
        </test-case>
        <test-case id="1006" name="Test_AbilitySpinUp" fullname="AbilitySystemTests.Test_AbilitySpinUp" methodname="Test_AbilitySpinUp" classname="AbilitySystemTests" runstate="Runnable" seed="1902118129" result="Passed" start-time="2025-12-20 19:45:57Z" end-time="2025-12-20 19:45:57Z" duration="0.302021" asserts="0">
          <properties>
            <property name="_JOINTYPE" value="UnityCombinatorial" />
            <property name="retryIteration" value="0" />
            <property name="repeatIteration" value="0" />
          </properties>
          <output><![CDATA[TestShip: No AbilitySystem component found. Abilities will not be available.
TestShip: No WeaponManager component found. Weapons will not be available.
AbilitySystem initialized on TestShip. Loaded 1 abilities.
Queued ability: Emergency Cooling (Heat cost: 0)
TestShip executing 1 queued abilities...
Emergency Cooling spinning up for 0.1s...
Executing Emergency Cooling...
TestShip - Instant cooling: -50.0. Heat: 0.0 → 0.0
TestShip activated Emergency Cooling! Reduced heat by 50
TestShip finished executing abilities
]]></output>
        </test-case>
        <test-case id="1013" name="Test_ClearQueue" fullname="AbilitySystemTests.Test_ClearQueue" methodname="Test_ClearQueue" classname="AbilitySystemTests" runstate="Runnable" seed="427782162" result="Passed" start-time="2025-12-20 19:45:57Z" end-time="2025-12-20 19:45:57Z" duration="0.002892" asserts="0">
          <properties>
            <property name="_JOINTYPE" value="UnityCombinatorial" />
            <property name="retryIteration" value="0" />
            <property name="repeatIteration" value="0" />
          </properties>
          <output><![CDATA[TestShip: No AbilitySystem component found. Abilities will not be available.
TestShip: No WeaponManager component found. Weapons will not be available.
AbilitySystem initialized on TestShip. Loaded 2 abilities.
Queued ability: Emergency Cooling (Heat cost: 0)
TestShip - Planned heat: 10.0 (Total with current: 10.0)
Queued ability: Evasive Maneuver (Heat cost: 10)
TestShip - Removed 10 planned heat. Remaining planned: 0.0
]]></output>
        </test-case>
        <test-case id="1007" name="Test_EmergencyCooling" fullname="AbilitySystemTests.Test_EmergencyCooling" methodname="Test_EmergencyCooling" classname="AbilitySystemTests" runstate="Runnable" seed="1166063437" result="Passed" start-time="2025-12-20 19:45:57Z" end-time="2025-12-20 19:45:57Z" duration="0.301995" asserts="0">
          <properties>
            <property name="_JOINTYPE" value="UnityCombinatorial" />
            <property name="retryIteration" value="0" />
            <property name="repeatIteration" value="0" />
          </properties>
          <output><![CDATA[TestShip: No AbilitySystem component found. Abilities will not be available.
TestShip: No WeaponManager component found. Weapons will not be available.
AbilitySystem initialized on TestShip. Loaded 1 abilities.
TestShip - Planned heat: 100.0 (Total with current: 100.0)
TestShip - Heat tier changed: Safe → Severe
TestShip - Heat committed. Current: 100.0, Tier: Severe
Queued ability: Emergency Cooling (Heat cost: 0)
TestShip executing 1 queued abilities...
Emergency Cooling spinning up for 0.1s...
Executing Emergency Cooling...
TestShip - Heat tier changed: Severe → Safe
TestShip - Instant cooling: -50.0. Heat: 100.0 → 50.0
TestShip activated Emergency Cooling! Reduced heat by 50
TestShip finished executing abilities
]]></output>
        </test-case>
        <test-case id="1009" name="Test_EvasiveManeuver" fullname="AbilitySystemTests.Test_EvasiveManeuver" methodname="Test_EvasiveManeuver" classname="AbilitySystemTests" runstate="Runnable" seed="569558157" result="Passed" start-time="2025-12-20 19:45:57Z" end-time="2025-12-20 19:45:58Z" duration="0.104428" asserts="0">
          <properties>
            <property name="_JOINTYPE" value="UnityCombinatorial" />
            <property name="retryIteration" value="0" />
            <property name="repeatIteration" value="0" />
          </properties>
          <output><![CDATA[TestShip: No AbilitySystem component found. Abilities will not be available.
TestShip: No WeaponManager component found. Weapons will not be available.
AbilitySystem initialized on TestShip. Loaded 1 abilities.
TestShip - Planned heat: 10.0 (Total with current: 10.0)
Queued ability: Evasive Maneuver (Heat cost: 10)
TestShip executing 1 queued abilities...
Executing Evasive Maneuver...
TestShip activated Evasive Maneuver! Turn rate increased by 2x for 2 turns
TestShip - Committed 10 heat. Current: 10.0, Planned remaining: 0.0, Tier: Safe
TestShip Evasive Maneuver ended. Turn rate restored to normal.
TestShip finished executing abilities
]]></output>
        </test-case>
        <test-case id="1014" name="Test_InvalidAbilityIndex" fullname="AbilitySystemTests.Test_InvalidAbilityIndex" methodname="Test_InvalidAbilityIndex" classname="AbilitySystemTests" runstate="Runnable" seed="121269554" result="Passed" start-time="2025-12-20 19:45:58Z" end-time="2025-12-20 19:45:58Z" duration="0.001933" asserts="0">
          <properties>
            <property name="_JOINTYPE" value="UnityCombinatorial" />
            <property name="retryIteration" value="0" />
            <property name="repeatIteration" value="0" />
          </properties>
          <output><![CDATA[TestShip: No AbilitySystem component found. Abilities will not be available.
TestShip: No WeaponManager component found. Weapons will not be available.
AbilitySystem initialized on TestShip. Loaded 1 abilities.
Ability index 99 out of range (0-0)
]]></output>
        </test-case>
        <test-case id="1010" name="Test_MultipleAbilitiesQueue" fullname="AbilitySystemTests.Test_MultipleAbilitiesQueue" methodname="Test_MultipleAbilitiesQueue" classname="AbilitySystemTests" runstate="Runnable" seed="901848191" result="Passed" start-time="2025-12-20 19:45:58Z" end-time="2025-12-20 19:45:58Z" duration="0.402209" asserts="0">
          <properties>
            <property name="_JOINTYPE" value="UnityCombinatorial" />
            <property name="retryIteration" value="0" />
            <property name="repeatIteration" value="0" />
          </properties>
          <output><![CDATA[TestShip: No AbilitySystem component found. Abilities will not be available.
TestShip: No WeaponManager component found. Weapons will not be available.
AbilitySystem initialized on TestShip. Loaded 2 abilities.
Queued ability: Emergency Cooling (Heat cost: 0)
TestShip - Planned heat: 10.0 (Total with current: 10.0)
Queued ability: Evasive Maneuver (Heat cost: 10)
TestShip executing 2 queued abilities...
Emergency Cooling spinning up for 0.1s...
Executing Emergency Cooling...
TestShip - Instant cooling: -50.0. Heat: 0.0 → 0.0
TestShip activated Emergency Cooling! Reduced heat by 50
Executing Evasive Maneuver...
TestShip activated Evasive Maneuver! Turn rate increased by 2x for 2 turns
TestShip - Committed 10 heat. Current: 10.0, Planned remaining: 0.0, Tier: Safe
TestShip Evasive Maneuver ended. Turn rate restored to normal.
TestShip finished executing abilities
]]></output>
        </test-case>
        <test-case id="1012" name="Test_PlannedHeatOnQueue" fullname="AbilitySystemTests.Test_PlannedHeatOnQueue" methodname="Test_PlannedHeatOnQueue" classname="AbilitySystemTests" runstate="Runnable" seed="2020466252" result="Passed" start-time="2025-12-20 19:45:58Z" end-time="2025-12-20 19:45:58Z" duration="0.002138" asserts="0">
          <properties>
            <property name="_JOINTYPE" value="UnityCombinatorial" />
            <property name="retryIteration" value="0" />
            <property name="repeatIteration" value="0" />
          </properties>
          <output><![CDATA[TestShip: No AbilitySystem component found. Abilities will not be available.
TestShip: No WeaponManager component found. Weapons will not be available.
AbilitySystem initialized on TestShip. Loaded 1 abilities.
TestShip - Planned heat: 10.0 (Total with current: 10.0)
Queued ability: Evasive Maneuver (Heat cost: 10)
]]></output>
        </test-case>
        <test-case id="1008" name="Test_ShieldBoost" fullname="AbilitySystemTests.Test_ShieldBoost" methodname="Test_ShieldBoost" classname="AbilitySystemTests" runstate="Runnable" seed="721070859" result="Passed" start-time="2025-12-20 19:45:58Z" end-time="2025-12-20 19:45:59Z" duration="0.703954" asserts="0">
          <properties>
            <property name="_JOINTYPE" value="UnityCombinatorial" />
            <property name="retryIteration" value="0" />
            <property name="repeatIteration" value="0" />
          </properties>
          <output><![CDATA[TestShip: No AbilitySystem component found. Abilities will not be available.
TestShip: No WeaponManager component found. Weapons will not be available.
AbilitySystem initialized on TestShip. Loaded 1 abilities.
TestShip - Shields: 200.0 → 0.0
TestShip - Hull: 500.0 → 450.0
TestShip - Planned heat: 15.0 (Total with current: 15.0)
Queued ability: Shield Boost (Heat cost: 15)
TestShip executing 1 queued abilities...
Shield Boost spinning up for 0.3s...
Executing Shield Boost...
TestShip activated Shield Boost! Restored 100 shields (legacy). Current: 100/200
TestShip - Committed 15 heat. Current: 15.0, Planned remaining: 0.0, Tier: Safe
TestShip finished executing abilities
]]></output>
        </test-case>
      </test-suite>
      <test-suite type="TestFixture" id="1015" name="AmmoUITests" fullname="AmmoUITests" classname="AmmoUITests" runstate="Runnable" testcasecount="6" result="Passed" start-time="2025-12-20 19:45:59Z" end-time="2025-12-20 19:46:01Z" duration="2.021608" total="6" passed="6" failed="0" inconclusive="0" skipped="0" asserts="0">
        <properties />
        <test-case id="1018" name="Test_ConfigPanel_AmmoUpdatesAfterFiring" fullname="AmmoUITests.Test_ConfigPanel_AmmoUpdatesAfterFiring" methodname="Test_ConfigPanel_AmmoUpdatesAfterFiring" classname="AmmoUITests" runstate="Runnable" seed="699443690" result="Passed" start-time="2025-12-20 19:45:59Z" end-time="2025-12-20 19:46:01Z" duration="2.008194" asserts="0">
          <properties>
            <property name="_JOINTYPE" value="UnityCombinatorial" />
            <property name="retryIteration" value="0" />
            <property name="repeatIteration" value="0" />
          </properties>
          <output><![CDATA[PlayerShip: No AbilitySystem component found. Abilities will not be available.
PlayerShip: No WeaponManager component found. Weapons will not be available.
TargetShip: No AbilitySystem component found. Abilities will not be available.
TargetShip: No WeaponManager component found. Weapons will not be available.
Torpedo Launcher initialized on PlayerShip at hardpoint Torpedo_Hardpoint
  Discovered weapon: Torpedo Launcher on hardpoint Torpedo_Hardpoint
WeaponManager initialized on PlayerShip. Found 1 weapons.
WeaponConfigPanel: No WeaponManager found on player ship
Torpedo Launcher targeting TargetShip
Torpedo Launcher spinning up for 1s...
Initialized ballistic projectile pool with 20 objects
Initialized homing projectile pool with 20 objects
Initialized instant hit effect pool with 20 objects
HomingProjectile initialized: Damage=80, Speed=5, Owner=PlayerShip
HomingProjectile initialized: Target=TargetShip, Homing=True
Spawned homing projectile at (0.00, 0.00, 0.00) targeting TargetShip (turnRate=45)
Torpedo Launcher fired from starboard! Torpedo tracking TargetShip (Ammo remaining: 5)
PlayerShip - Planned heat: 25.0 (Total with current: 25.0)
PlayerShip - Heat committed. Current: 25.0, Tier: Safe
Torpedo Launcher on cooldown for 3 turns
Torpedo Launcher spinning up for 1s...
HomingProjectile initialized: Damage=80, Speed=5, Owner=PlayerShip
HomingProjectile initialized: Target=TargetShip, Homing=True
Spawned homing projectile at (0.00, 0.00, 0.00) targeting TargetShip (turnRate=45)
Torpedo Launcher fired from starboard! Torpedo tracking TargetShip (Ammo remaining: 4)
PlayerShip - Planned heat: 25.0 (Total with current: 50.0)
PlayerShip - Heat committed. Current: 50.0, Tier: Safe
Torpedo Launcher on cooldown for 3 turns
]]></output>
        </test-case>
        <test-case id="1017" name="Test_ConfigPanel_HidesAmmoForInfiniteWeapon" fullname="AmmoUITests.Test_ConfigPanel_HidesAmmoForInfiniteWeapon" methodname="Test_ConfigPanel_HidesAmmoForInfiniteWeapon" classname="AmmoUITests" runstate="Runnable" seed="1185487517" result="Passed" start-time="2025-12-20 19:46:01Z" end-time="2025-12-20 19:46:01Z" duration="0.002614" asserts="0">
          <properties>
            <property name="_JOINTYPE" value="UnityCombinatorial" />
            <property name="retryIteration" value="0" />
            <property name="repeatIteration" value="0" />
          </properties>
          <output><![CDATA[PlayerShip: No AbilitySystem component found. Abilities will not be available.
PlayerShip: No WeaponManager component found. Weapons will not be available.
TargetShip: No AbilitySystem component found. Abilities will not be available.
TargetShip: No WeaponManager component found. Weapons will not be available.
Rail Gun initialized on PlayerShip at hardpoint RailGun_Hardpoint
  Discovered weapon: Rail Gun on hardpoint RailGun_Hardpoint
WeaponManager initialized on PlayerShip. Found 1 weapons.
WeaponConfigPanel: No WeaponManager found on player ship
]]></output>
        </test-case>
        <test-case id="1016" name="Test_ConfigPanel_ShowsAmmoForLimitedWeapon" fullname="AmmoUITests.Test_ConfigPanel_ShowsAmmoForLimitedWeapon" methodname="Test_ConfigPanel_ShowsAmmoForLimitedWeapon" classname="AmmoUITests" runstate="Runnable" seed="769321056" result="Passed" start-time="2025-12-20 19:46:01Z" end-time="2025-12-20 19:46:01Z" duration="0.002892" asserts="0">
          <properties>
            <property name="_JOINTYPE" value="UnityCombinatorial" />
            <property name="retryIteration" value="0" />
            <property name="repeatIteration" value="0" />
          </properties>
          <output><![CDATA[PlayerShip: No AbilitySystem component found. Abilities will not be available.
PlayerShip: No WeaponManager component found. Weapons will not be available.
TargetShip: No AbilitySystem component found. Abilities will not be available.
TargetShip: No WeaponManager component found. Weapons will not be available.
Torpedo Launcher initialized on PlayerShip at hardpoint Torpedo_Hardpoint
  Discovered weapon: Torpedo Launcher on hardpoint Torpedo_Hardpoint
WeaponManager initialized on PlayerShip. Found 1 weapons.
WeaponConfigPanel: No WeaponManager found on player ship
]]></output>
        </test-case>
        <test-case id="1021" name="Test_GroupPanel_AlphaStrikeAmmoWarning" fullname="AmmoUITests.Test_GroupPanel_AlphaStrikeAmmoWarning" methodname="Test_GroupPanel_AlphaStrikeAmmoWarning" classname="AmmoUITests" runstate="Runnable" seed="1734329299" result="Passed" start-time="2025-12-20 19:46:01Z" end-time="2025-12-20 19:46:01Z" duration="0.002318" asserts="0">
          <properties>
            <property name="_JOINTYPE" value="UnityCombinatorial" />
            <property name="retryIteration" value="0" />
            <property name="repeatIteration" value="0" />
          </properties>
          <output><![CDATA[PlayerShip: No AbilitySystem component found. Abilities will not be available.
PlayerShip: No WeaponManager component found. Weapons will not be available.
TargetShip: No AbilitySystem component found. Abilities will not be available.
TargetShip: No WeaponManager component found. Weapons will not be available.
Torpedo Launcher initialized on PlayerShip at hardpoint Torpedo_Hardpoint
  Discovered weapon: Torpedo Launcher on hardpoint Torpedo_Hardpoint
Rail Gun initialized on PlayerShip at hardpoint RailGun_Hardpoint
  Discovered weapon: Rail Gun on hardpoint RailGun_Hardpoint
WeaponManager initialized on PlayerShip. Found 2 weapons.
]]></output>
        </test-case>
        <test-case id="1020" name="Test_GroupPanel_NoWarningWithAmmo" fullname="AmmoUITests.Test_GroupPanel_NoWarningWithAmmo" methodname="Test_GroupPanel_NoWarningWithAmmo" classname="AmmoUITests" runstate="Runnable" seed="1943767570" result="Passed" start-time="2025-12-20 19:46:01Z" end-time="2025-12-20 19:46:01Z" duration="0.001960" asserts="0">
          <properties>
            <property name="_JOINTYPE" value="UnityCombinatorial" />
            <property name="retryIteration" value="0" />
            <property name="repeatIteration" value="0" />
          </properties>
          <output><![CDATA[PlayerShip: No AbilitySystem component found. Abilities will not be available.
PlayerShip: No WeaponManager component found. Weapons will not be available.
TargetShip: No AbilitySystem component found. Abilities will not be available.
TargetShip: No WeaponManager component found. Weapons will not be available.
Torpedo Launcher initialized on PlayerShip at hardpoint Torpedo_Hardpoint
  Discovered weapon: Torpedo Launcher on hardpoint Torpedo_Hardpoint
WeaponManager initialized on PlayerShip. Found 1 weapons.
]]></output>
        </test-case>
        <test-case id="1019" name="Test_GroupPanel_ShowsNoAmmoWarning" fullname="AmmoUITests.Test_GroupPanel_ShowsNoAmmoWarning" methodname="Test_GroupPanel_ShowsNoAmmoWarning" classname="AmmoUITests" runstate="Runnable" seed="599197557" result="Passed" start-time="2025-12-20 19:46:01Z" end-time="2025-12-20 19:46:01Z" duration="0.002238" asserts="0">
          <properties>
            <property name="_JOINTYPE" value="UnityCombinatorial" />
            <property name="retryIteration" value="0" />
            <property name="repeatIteration" value="0" />
          </properties>
          <output><![CDATA[PlayerShip: No AbilitySystem component found. Abilities will not be available.
PlayerShip: No WeaponManager component found. Weapons will not be available.
TargetShip: No AbilitySystem component found. Abilities will not be available.
TargetShip: No WeaponManager component found. Weapons will not be available.
Torpedo Launcher initialized on PlayerShip at hardpoint Torpedo_Hardpoint
  Discovered weapon: Torpedo Launcher on hardpoint Torpedo_Hardpoint
WeaponManager initialized on PlayerShip. Found 1 weapons.
Torpedo Launcher: Out of ammo
]]></output>
        </test-case>
      </test-suite>
      <test-suite type="TestFixture" id="1022" name="CoreProtectionTests" fullname="CoreProtectionTests" classname="CoreProtectionTests" runstate="Runnable" testcasecount="10" result="Passed" start-time="2025-12-20 19:46:01Z" end-time="2025-12-20 19:46:01Z" duration="0.073599" total="10" passed="10" failed="0" inconclusive="0" skipped="0" asserts="0">
        <properties />
        <test-case id="1024" name="CoreAccessible_WhenAdjacentSectionBreached" fullname="CoreProtectionTests.CoreAccessible_WhenAdjacentSectionBreached" methodname="CoreAccessible_WhenAdjacentSectionBreached" classname="CoreProtectionTests" runstate="Runnable" seed="1510653691" result="Passed" start-time="2025-12-20 19:46:01Z" end-time="2025-12-20 19:46:01Z" duration="0.011607" asserts="0">
          <properties>
            <property name="retryIteration" value="0" />
            <property name="repeatIteration" value="0" />
          </properties>
          <output><![CDATA[[ShieldSystem] Initialized with 0 shields
[ShipSection] Initialized Core (custom) - Armor: 50, Structure: 100, Slots: 100
[SectionManager] Registered section: Core
[ShipSection] Initialized Fore (custom) - Armor: 50, Structure: 100, Slots: 100
[SectionManager] Registered section: Fore
[ShipSection] Initialized Aft (custom) - Armor: 50, Structure: 100, Slots: 100
[SectionManager] Registered section: Aft
[ShipSection] Initialized Port (custom) - Armor: 50, Structure: 100, Slots: 100
[SectionManager] Registered section: Port
[ShipSection] Initialized Starboard (custom) - Armor: 50, Structure: 100, Slots: 100
[SectionManager] Registered section: Starboard
[ShipSection] Initialized Dorsal (custom) - Armor: 50, Structure: 100, Slots: 100
[SectionManager] Registered section: Dorsal
[ShipSection] Initialized Ventral (custom) - Armor: 50, Structure: 100, Slots: 100
[SectionManager] Registered section: Ventral
[ShipSection] Fore armor broken!
[ShipSection] Fore BREACHED!
[ShipSection] Fore took 160.0 damage - DamageResult[Armor:50.0, Structure:100.0, Overflow:10.0, ArmorBroken:True, Breached:True, WasBreached:False, Critical: Miss (slot 1)]
]]></output>
        </test-case>
        <test-case id="1023" name="CoreProtected_WhenAdjacentSectionNotBreached" fullname="CoreProtectionTests.CoreProtected_WhenAdjacentSectionNotBreached" methodname="CoreProtected_WhenAdjacentSectionNotBreached" classname="CoreProtectionTests" runstate="Runnable" seed="192655841" result="Passed" start-time="2025-12-20 19:46:01Z" end-time="2025-12-20 19:46:01Z" duration="0.003008" asserts="0">
          <properties>
            <property name="retryIteration" value="0" />
            <property name="repeatIteration" value="0" />
          </properties>
          <output><![CDATA[[ShieldSystem] Initialized with 0 shields
[ShipSection] Initialized Core (custom) - Armor: 50, Structure: 100, Slots: 100
[SectionManager] Registered section: Core
[ShipSection] Initialized Fore (custom) - Armor: 50, Structure: 100, Slots: 100
[SectionManager] Registered section: Fore
[ShipSection] Initialized Aft (custom) - Armor: 50, Structure: 100, Slots: 100
[SectionManager] Registered section: Aft
[ShipSection] Initialized Port (custom) - Armor: 50, Structure: 100, Slots: 100
[SectionManager] Registered section: Port
[ShipSection] Initialized Starboard (custom) - Armor: 50, Structure: 100, Slots: 100
[SectionManager] Registered section: Starboard
[ShipSection] Initialized Dorsal (custom) - Armor: 50, Structure: 100, Slots: 100
[SectionManager] Registered section: Dorsal
[ShipSection] Initialized Ventral (custom) - Armor: 50, Structure: 100, Slots: 100
[SectionManager] Registered section: Ventral
]]></output>
        </test-case>
        <test-case id="1025" name="DamageRouter_RedirectsCoreDamage_WhenProtected" fullname="CoreProtectionTests.DamageRouter_RedirectsCoreDamage_WhenProtected" methodname="DamageRouter_RedirectsCoreDamage_WhenProtected" classname="CoreProtectionTests" runstate="Runnable" seed="750851604" result="Passed" start-time="2025-12-20 19:46:01Z" end-time="2025-12-20 19:46:01Z" duration="0.006397" asserts="0">
          <properties>
            <property name="retryIteration" value="0" />
            <property name="repeatIteration" value="0" />
          </properties>
          <output><![CDATA[[ShieldSystem] Initialized with 0 shields
[ShipSection] Initialized Core (custom) - Armor: 50, Structure: 100, Slots: 100
[SectionManager] Registered section: Core
[ShipSection] Initialized Fore (custom) - Armor: 50, Structure: 100, Slots: 100
[SectionManager] Registered section: Fore
[ShipSection] Initialized Aft (custom) - Armor: 50, Structure: 100, Slots: 100
[SectionManager] Registered section: Aft
[ShipSection] Initialized Port (custom) - Armor: 50, Structure: 100, Slots: 100
[SectionManager] Registered section: Port
[ShipSection] Initialized Starboard (custom) - Armor: 50, Structure: 100, Slots: 100
[SectionManager] Registered section: Starboard
[ShipSection] Initialized Dorsal (custom) - Armor: 50, Structure: 100, Slots: 100
[SectionManager] Registered section: Dorsal
[ShipSection] Initialized Ventral (custom) - Armor: 50, Structure: 100, Slots: 100
[SectionManager] Registered section: Ventral
[ShipSection] Fore took 30.0 damage - DamageResult[Armor:30.0, Structure:0.0, Overflow:0.0, ArmorBroken:False, Breached:False, WasBreached:False]
]]></output>
        </test-case>
        <test-case id="1026" name="GetAdjacentSection_ReturnsCorrectSectionPerDirection" fullname="CoreProtectionTests.GetAdjacentSection_ReturnsCorrectSectionPerDirection" methodname="GetAdjacentSection_ReturnsCorrectSectionPerDirection" classname="CoreProtectionTests" runstate="Runnable" seed="587199558" result="Passed" start-time="2025-12-20 19:46:01Z" end-time="2025-12-20 19:46:01Z" duration="0.003144" asserts="0">
          <properties>
            <property name="retryIteration" value="0" />
            <property name="repeatIteration" value="0" />
          </properties>
          <output><![CDATA[[ShieldSystem] Initialized with 0 shields
[ShipSection] Initialized Core (custom) - Armor: 50, Structure: 100, Slots: 100
[SectionManager] Registered section: Core
[ShipSection] Initialized Fore (custom) - Armor: 50, Structure: 100, Slots: 100
[SectionManager] Registered section: Fore
[ShipSection] Initialized Aft (custom) - Armor: 50, Structure: 100, Slots: 100
[SectionManager] Registered section: Aft
[ShipSection] Initialized Port (custom) - Armor: 50, Structure: 100, Slots: 100
[SectionManager] Registered section: Port
[ShipSection] Initialized Starboard (custom) - Armor: 50, Structure: 100, Slots: 100
[SectionManager] Registered section: Starboard
[ShipSection] Initialized Dorsal (custom) - Armor: 50, Structure: 100, Slots: 100
[SectionManager] Registered section: Dorsal
[ShipSection] Initialized Ventral (custom) - Armor: 50, Structure: 100, Slots: 100
[SectionManager] Registered section: Ventral
]]></output>
        </test-case>
        <test-case id="1027" name="IsCoreExposed_ReturnsTrue_WhenAnySectionBreached" fullname="CoreProtectionTests.IsCoreExposed_ReturnsTrue_WhenAnySectionBreached" methodname="IsCoreExposed_ReturnsTrue_WhenAnySectionBreached" classname="CoreProtectionTests" runstate="Runnable" seed="1687677447" result="Passed" start-time="2025-12-20 19:46:01Z" end-time="2025-12-20 19:46:01Z" duration="0.004769" asserts="0">
          <properties>
            <property name="retryIteration" value="0" />
            <property name="repeatIteration" value="0" />
          </properties>
          <output><![CDATA[[ShieldSystem] Initialized with 0 shields
[ShipSection] Initialized Core (custom) - Armor: 50, Structure: 100, Slots: 100
[SectionManager] Registered section: Core
[ShipSection] Initialized Fore (custom) - Armor: 50, Structure: 100, Slots: 100
[SectionManager] Registered section: Fore
[ShipSection] Initialized Aft (custom) - Armor: 50, Structure: 100, Slots: 100
[SectionManager] Registered section: Aft
[ShipSection] Initialized Port (custom) - Armor: 50, Structure: 100, Slots: 100
[SectionManager] Registered section: Port
[ShipSection] Initialized Starboard (custom) - Armor: 50, Structure: 100, Slots: 100
[SectionManager] Registered section: Starboard
[ShipSection] Initialized Dorsal (custom) - Armor: 50, Structure: 100, Slots: 100
[SectionManager] Registered section: Dorsal
[ShipSection] Initialized Ventral (custom) - Armor: 50, Structure: 100, Slots: 100
[SectionManager] Registered section: Ventral
[ShipSection] Port armor broken!
[ShipSection] Port BREACHED!
[ShipSection] Port took 160.0 damage - DamageResult[Armor:50.0, Structure:100.0, Overflow:10.0, ArmorBroken:True, Breached:True, WasBreached:False, Critical: Miss (slot 95)]
]]></output>
        </test-case>
        <test-case id="1032" name="Ship_CanMoveAndCanAct_RespondToDeathStates" fullname="CoreProtectionTests.Ship_CanMoveAndCanAct_RespondToDeathStates" methodname="Ship_CanMoveAndCanAct_RespondToDeathStates" classname="CoreProtectionTests" runstate="Runnable" seed="316661596" result="Passed" start-time="2025-12-20 19:46:01Z" end-time="2025-12-20 19:46:01Z" duration="0.010600" asserts="0">
          <properties>
            <property name="retryIteration" value="0" />
            <property name="repeatIteration" value="0" />
          </properties>
          <output><![CDATA[[ShieldSystem] Initialized with 0 shields
[ShipSection] Initialized Core (custom) - Armor: 50, Structure: 100, Slots: 100
[SectionManager] Registered section: Core
[ShipSection] Initialized Fore (custom) - Armor: 50, Structure: 100, Slots: 100
[SectionManager] Registered section: Fore
[ShipSection] Initialized Aft (custom) - Armor: 50, Structure: 100, Slots: 100
[SectionManager] Registered section: Aft
[ShipSection] Initialized Port (custom) - Armor: 50, Structure: 100, Slots: 100
[SectionManager] Registered section: Port
[ShipSection] Initialized Starboard (custom) - Armor: 50, Structure: 100, Slots: 100
[SectionManager] Registered section: Starboard
[ShipSection] Initialized Dorsal (custom) - Armor: 50, Structure: 100, Slots: 100
[SectionManager] Registered section: Dorsal
[ShipSection] Initialized Ventral (custom) - Armor: 50, Structure: 100, Slots: 100
[SectionManager] Registered section: Ventral
[MountedSystem] Initialized Reactor Core at slots 1-20
[MountedReactor] Linked to ship TestShip

IgnoreFailingMessages:true
[MountedSystem] Reactor Core DAMAGED (hit #1)
[MountedReactor] Reactor damaged - Heat capacity x0.7
[SystemDegradationManager] Reactor: Capacity x0.70, Passive Heat +0.0
[SystemDegradationManager] System ReactorCore changed: Operational -> Damaged
[SystemDegradationManager] Reactor: Capacity x0.70, Passive Heat +0.0
[MountedSystem] Reactor Core DESTROYED (hit #2)
[MountedReactor] CORE BREACH! Reactor destroyed - Ship lost!
[SystemDegradationManager] CORE BREACH! Ship destroyed!
[ShipDeathController] SHIP DESTROYED! Cause: CoreBreach
TestShip has been destroyed!
TestShip has been destroyed!
[SystemDegradationManager] System ReactorCore changed: Damaged -> Destroyed
[SystemDegradationManager] Reactor: Capacity x0.00, Passive Heat +0.0
]]></output>
        </test-case>
        <test-case id="1031" name="Ship_Destroyed_WhenAllSectionsBreached" fullname="CoreProtectionTests.Ship_Destroyed_WhenAllSectionsBreached" methodname="Ship_Destroyed_WhenAllSectionsBreached" classname="CoreProtectionTests" runstate="Runnable" seed="743998591" result="Passed" start-time="2025-12-20 19:46:01Z" end-time="2025-12-20 19:46:01Z" duration="0.011102" asserts="0">
          <properties>
            <property name="retryIteration" value="0" />
            <property name="repeatIteration" value="0" />
          </properties>
          <output><![CDATA[[ShieldSystem] Initialized with 0 shields
[ShipSection] Initialized Core (custom) - Armor: 50, Structure: 100, Slots: 100
[SectionManager] Registered section: Core
[ShipSection] Initialized Fore (custom) - Armor: 50, Structure: 100, Slots: 100
[SectionManager] Registered section: Fore
[ShipSection] Initialized Aft (custom) - Armor: 50, Structure: 100, Slots: 100
[SectionManager] Registered section: Aft
[ShipSection] Initialized Port (custom) - Armor: 50, Structure: 100, Slots: 100
[SectionManager] Registered section: Port
[ShipSection] Initialized Starboard (custom) - Armor: 50, Structure: 100, Slots: 100
[SectionManager] Registered section: Starboard
[ShipSection] Initialized Dorsal (custom) - Armor: 50, Structure: 100, Slots: 100
[SectionManager] Registered section: Dorsal
[ShipSection] Initialized Ventral (custom) - Armor: 50, Structure: 100, Slots: 100
[SectionManager] Registered section: Ventral
[ShipSection] Fore armor broken!
[ShipSection] Fore BREACHED!
[ShipSection] Fore took 160.0 damage - DamageResult[Armor:50.0, Structure:100.0, Overflow:10.0, ArmorBroken:True, Breached:True, WasBreached:False, Critical: Miss (slot 22)]
[ShipSection] Aft armor broken!
[ShipSection] Aft BREACHED!
[ShipSection] Aft took 160.0 damage - DamageResult[Armor:50.0, Structure:100.0, Overflow:10.0, ArmorBroken:True, Breached:True, WasBreached:False, Critical: Miss (slot 81)]
[ShipSection] Port armor broken!
[ShipSection] Port BREACHED!
[ShipSection] Port took 160.0 damage - DamageResult[Armor:50.0, Structure:100.0, Overflow:10.0, ArmorBroken:True, Breached:True, WasBreached:False, Critical: Miss (slot 88)]
[ShipSection] Starboard armor broken!
[ShipSection] Starboard BREACHED!
[ShipSection] Starboard took 160.0 damage - DamageResult[Armor:50.0, Structure:100.0, Overflow:10.0, ArmorBroken:True, Breached:True, WasBreached:False, Critical: Miss (slot 9)]
[ShipSection] Dorsal armor broken!
[ShipSection] Dorsal BREACHED!
[ShipSection] Dorsal took 160.0 damage - DamageResult[Armor:50.0, Structure:100.0, Overflow:10.0, ArmorBroken:True, Breached:True, WasBreached:False, Critical: Miss (slot 21)]
[ShipSection] Ventral armor broken!
[ShipSection] Ventral BREACHED!
[ShipSection] Ventral took 160.0 damage - DamageResult[Armor:50.0, Structure:100.0, Overflow:10.0, ArmorBroken:True, Breached:True, WasBreached:False, Critical: Miss (slot 41)]
[ShipSection] Core armor broken!
[ShipSection] Core BREACHED!
[ShipDeathController] SHIP DESTROYED! Cause: CoreBreached
TestShip has been destroyed!
[SectionManager] CORE BREACHED - Ship destroyed!
[ShipSection] Core took 160.0 damage - DamageResult[Armor:50.0, Structure:100.0, Overflow:10.0, ArmorBroken:True, Breached:True, WasBreached:False, Critical: Miss (slot 52)]
]]></output>
        </test-case>
        <test-case id="1030" name="Ship_Destroyed_WhenCoreSectionBreached" fullname="CoreProtectionTests.Ship_Destroyed_WhenCoreSectionBreached" methodname="Ship_Destroyed_WhenCoreSectionBreached" classname="CoreProtectionTests" runstate="Runnable" seed="975234779" result="Passed" start-time="2025-12-20 19:46:01Z" end-time="2025-12-20 19:46:01Z" duration="0.005846" asserts="0">
          <properties>
            <property name="retryIteration" value="0" />
            <property name="repeatIteration" value="0" />
          </properties>
          <output><![CDATA[[ShieldSystem] Initialized with 0 shields
[ShipSection] Initialized Core (custom) - Armor: 50, Structure: 100, Slots: 100
[SectionManager] Registered section: Core
[ShipSection] Initialized Fore (custom) - Armor: 50, Structure: 100, Slots: 100
[SectionManager] Registered section: Fore
[ShipSection] Initialized Aft (custom) - Armor: 50, Structure: 100, Slots: 100
[SectionManager] Registered section: Aft
[ShipSection] Initialized Port (custom) - Armor: 50, Structure: 100, Slots: 100
[SectionManager] Registered section: Port
[ShipSection] Initialized Starboard (custom) - Armor: 50, Structure: 100, Slots: 100
[SectionManager] Registered section: Starboard
[ShipSection] Initialized Dorsal (custom) - Armor: 50, Structure: 100, Slots: 100
[SectionManager] Registered section: Dorsal
[ShipSection] Initialized Ventral (custom) - Armor: 50, Structure: 100, Slots: 100
[SectionManager] Registered section: Ventral
[ShipSection] Core armor broken!
[ShipSection] Core BREACHED!
[ShipDeathController] SHIP DESTROYED! Cause: CoreBreached
TestShip has been destroyed!
[SectionManager] CORE BREACHED - Ship destroyed!
[ShipSection] Core took 160.0 damage - DamageResult[Armor:50.0, Structure:100.0, Overflow:10.0, ArmorBroken:True, Breached:True, WasBreached:False, Critical: Miss (slot 24)]
]]></output>
        </test-case>
        <test-case id="1028" name="Ship_Destroyed_WhenReactorDestroyed" fullname="CoreProtectionTests.Ship_Destroyed_WhenReactorDestroyed" methodname="Ship_Destroyed_WhenReactorDestroyed" classname="CoreProtectionTests" runstate="Runnable" seed="481605362" result="Passed" start-time="2025-12-20 19:46:01Z" end-time="2025-12-20 19:46:01Z" duration="0.006464" asserts="0">
          <properties>
            <property name="retryIteration" value="0" />
            <property name="repeatIteration" value="0" />
          </properties>
          <output><![CDATA[[ShieldSystem] Initialized with 0 shields
[ShipSection] Initialized Core (custom) - Armor: 50, Structure: 100, Slots: 100
[SectionManager] Registered section: Core
[ShipSection] Initialized Fore (custom) - Armor: 50, Structure: 100, Slots: 100
[SectionManager] Registered section: Fore
[ShipSection] Initialized Aft (custom) - Armor: 50, Structure: 100, Slots: 100
[SectionManager] Registered section: Aft
[ShipSection] Initialized Port (custom) - Armor: 50, Structure: 100, Slots: 100
[SectionManager] Registered section: Port
[ShipSection] Initialized Starboard (custom) - Armor: 50, Structure: 100, Slots: 100
[SectionManager] Registered section: Starboard
[ShipSection] Initialized Dorsal (custom) - Armor: 50, Structure: 100, Slots: 100
[SectionManager] Registered section: Dorsal
[ShipSection] Initialized Ventral (custom) - Armor: 50, Structure: 100, Slots: 100
[SectionManager] Registered section: Ventral
[MountedSystem] Initialized Reactor Core at slots 1-20
[MountedReactor] Linked to ship TestShip

IgnoreFailingMessages:true
[MountedSystem] Reactor Core DAMAGED (hit #1)
[MountedReactor] Reactor damaged - +10 heat/turn
[SystemDegradationManager] Reactor: Capacity x1.00, Passive Heat +10.0
[SystemDegradationManager] System ReactorCore changed: Operational -> Damaged
[SystemDegradationManager] Reactor: Capacity x1.00, Passive Heat +10.0
[MountedSystem] Reactor Core DESTROYED (hit #2)
[MountedReactor] CORE BREACH! Reactor destroyed - Ship lost!
[SystemDegradationManager] CORE BREACH! Ship destroyed!
[ShipDeathController] SHIP DESTROYED! Cause: CoreBreach
TestShip has been destroyed!
TestShip has been destroyed!
[SystemDegradationManager] System ReactorCore changed: Damaged -> Destroyed
[SystemDegradationManager] Reactor: Capacity x0.00, Passive Heat +0.0
]]></output>
        </test-case>
        <test-case id="1029" name="Ship_Disabled_WhenCombatIneffective" fullname="CoreProtectionTests.Ship_Disabled_WhenCombatIneffective" methodname="Ship_Disabled_WhenCombatIneffective" classname="CoreProtectionTests" runstate="Runnable" seed="207775219" result="Passed" start-time="2025-12-20 19:46:01Z" end-time="2025-12-20 19:46:01Z" duration="0.008610" asserts="0">
          <properties>
            <property name="retryIteration" value="0" />
            <property name="repeatIteration" value="0" />
          </properties>
          <output><![CDATA[[ShieldSystem] Initialized with 0 shields
[ShipSection] Initialized Core (custom) - Armor: 50, Structure: 100, Slots: 100
[SectionManager] Registered section: Core
[ShipSection] Initialized Fore (custom) - Armor: 50, Structure: 100, Slots: 100
[SectionManager] Registered section: Fore
[ShipSection] Initialized Aft (custom) - Armor: 50, Structure: 100, Slots: 100
[SectionManager] Registered section: Aft
[ShipSection] Initialized Port (custom) - Armor: 50, Structure: 100, Slots: 100
[SectionManager] Registered section: Port
[ShipSection] Initialized Starboard (custom) - Armor: 50, Structure: 100, Slots: 100
[SectionManager] Registered section: Starboard
[ShipSection] Initialized Dorsal (custom) - Armor: 50, Structure: 100, Slots: 100
[SectionManager] Registered section: Dorsal
[ShipSection] Initialized Ventral (custom) - Armor: 50, Structure: 100, Slots: 100
[SectionManager] Registered section: Ventral
[MountedSystem] Initialized Main Engine at slots 1-15
[MountedSystem] Initialized Newtonian Cannon at slots 1-8
[MountedSystem] Newtonian Cannon DAMAGED (hit #1)
[MountedWeapon] Newtonian Cannon damaged - Cooldown x2
[SystemDegradationManager] System NewtonianCannon changed: Operational -> Damaged
[SystemDegradationManager] Movement: Speed x1.00, Turn x1.00
[MountedSystem] Newtonian Cannon DESTROYED (hit #2)
[MountedWeapon] Newtonian Cannon DESTROYED - Weapon disabled
[SystemDegradationManager] System NewtonianCannon changed: Damaged -> Destroyed
[SystemDegradationManager] Movement: Speed x1.00, Turn x1.00
[MountedSystem] Main Engine DAMAGED (hit #1)
[MountedEngine] Engine damaged - Speed x0.5, Turn x0.5
[SystemDegradationManager] Movement: Speed x0.50, Turn x0.50
[SystemDegradationManager] System MainEngine changed: Operational -> Damaged
[SystemDegradationManager] Movement: Speed x0.50, Turn x0.50
[MountedSystem] Main Engine DESTROYED (hit #2)
[MountedEngine] Engine DESTROYED - Ship immobile!
[SystemDegradationManager] Movement: Speed x0.00, Turn x0.00
[SystemDegradationManager] System MainEngine changed: Damaged -> Destroyed
[SystemDegradationManager] Movement: Speed x0.00, Turn x0.00
[ShipDeathController] Ship DISABLED - Combat Ineffective!
]]></output>
        </test-case>
      </test-suite>
      <test-suite type="TestFixture" id="1033" name="CriticalHitTests" fullname="CriticalHitTests" classname="CriticalHitTests" runstate="Runnable" testcasecount="10" result="Passed" start-time="2025-12-20 19:46:01Z" end-time="2025-12-20 19:46:01Z" duration="0.022346" total="10" passed="10" failed="0" inconclusive="0" skipped="0" asserts="0">
        <properties />
        <test-case id="1038" name="CriticalRoll_DamagedSystem_DestroysIt" fullname="CriticalHitTests.CriticalRoll_DamagedSystem_DestroysIt" methodname="CriticalRoll_DamagedSystem_DestroysIt" classname="CriticalHitTests" runstate="Runnable" seed="1954744937" result="Passed" start-time="2025-12-20 19:46:01Z" end-time="2025-12-20 19:46:01Z" duration="0.003080" asserts="0">
          <properties>
            <property name="retryIteration" value="0" />
            <property name="repeatIteration" value="0" />
          </properties>
          <output><![CDATA[[ShipSection] Initialized Core (custom) - Armor: 100, Structure: 20, Slots: 20
[MountedSystem] Initialized Newtonian Cannon at slots 1-8
[SlotLayout] Added NewtonianCannon to Core at slots 1-8
[MountedSystem] Newtonian Cannon DAMAGED (hit #1)
[MountedSystem] Newtonian Cannon DESTROYED (hit #2)
[CriticalHitSystem] CriticalHit[Core] Slot 3/20: Newtonian Cannon DESTROYED!
]]></output>
        </test-case>
        <test-case id="1039" name="CriticalRoll_DestroyedSystem_NoEffect" fullname="CriticalHitTests.CriticalRoll_DestroyedSystem_NoEffect" methodname="CriticalRoll_DestroyedSystem_NoEffect" classname="CriticalHitTests" runstate="Runnable" seed="1596440869" result="Passed" start-time="2025-12-20 19:46:01Z" end-time="2025-12-20 19:46:01Z" duration="0.002035" asserts="0">
          <properties>
            <property name="retryIteration" value="0" />
            <property name="repeatIteration" value="0" />
          </properties>
          <output><![CDATA[[ShipSection] Initialized Core (custom) - Armor: 100, Structure: 20, Slots: 20
[MountedSystem] Initialized Newtonian Cannon at slots 1-8
[SlotLayout] Added NewtonianCannon to Core at slots 1-8
[MountedSystem] Newtonian Cannon DAMAGED (hit #1)
[MountedSystem] Newtonian Cannon DESTROYED (hit #2)
[MountedSystem] Newtonian Cannon already destroyed, absorbing hit
[CriticalHitSystem] CriticalHit[Core] Slot 3/20: Newtonian Cannon (absorbed, already Destroyed)
]]></output>
        </test-case>
        <test-case id="1036" name="CriticalRoll_EmptySlot_ReturnsMiss" fullname="CriticalHitTests.CriticalRoll_EmptySlot_ReturnsMiss" methodname="CriticalRoll_EmptySlot_ReturnsMiss" classname="CriticalHitTests" runstate="Runnable" seed="1722712854" result="Passed" start-time="2025-12-20 19:46:01Z" end-time="2025-12-20 19:46:01Z" duration="0.001293" asserts="0">
          <properties>
            <property name="retryIteration" value="0" />
            <property name="repeatIteration" value="0" />
          </properties>
          <output><![CDATA[[ShipSection] Initialized Core (custom) - Armor: 100, Structure: 20, Slots: 20
[MountedSystem] Initialized PD Turret at slots 1-4
[SlotLayout] Added PDTurret to Core at slots 1-4
[CriticalHitSystem] CriticalHit[Core] Slot 10/20: MISS (empty slot)
]]></output>
        </test-case>
        <test-case id="1037" name="CriticalRoll_OccupiedSlot_DamagesSystem" fullname="CriticalHitTests.CriticalRoll_OccupiedSlot_DamagesSystem" methodname="CriticalRoll_OccupiedSlot_DamagesSystem" classname="CriticalHitTests" runstate="Runnable" seed="1986526646" result="Passed" start-time="2025-12-20 19:46:01Z" end-time="2025-12-20 19:46:01Z" duration="0.001478" asserts="0">
          <properties>
            <property name="retryIteration" value="0" />
            <property name="repeatIteration" value="0" />
          </properties>
          <output><![CDATA[[ShipSection] Initialized Core (custom) - Armor: 100, Structure: 20, Slots: 20
[MountedSystem] Initialized Newtonian Cannon at slots 1-8
[SlotLayout] Added NewtonianCannon to Core at slots 1-8
[MountedSystem] Newtonian Cannon DAMAGED (hit #1)
[CriticalHitSystem] CriticalHit[Core] Slot 3/20: Newtonian Cannon DAMAGED
]]></output>
        </test-case>
        <test-case id="1042" name="DamageResult_IncludesCriticalHitInfo" fullname="CriticalHitTests.DamageResult_IncludesCriticalHitInfo" methodname="DamageResult_IncludesCriticalHitInfo" classname="CriticalHitTests" runstate="Runnable" seed="629996000" result="Passed" start-time="2025-12-20 19:46:01Z" end-time="2025-12-20 19:46:01Z" duration="0.003338" asserts="0">
          <properties>
            <property name="retryIteration" value="0" />
            <property name="repeatIteration" value="0" />
          </properties>
          <output><![CDATA[[ShipSection] Initialized Core (custom) - Armor: 100, Structure: 20, Slots: 20
[MountedSystem] Initialized PD Turret at slots 1-4
[SlotLayout] Added PDTurret to Core at slots 1-4
[ShipSection] Core armor broken!
[ShipSection] Core took 100.0 damage - DamageResult[Armor:100.0, Structure:0.0, Overflow:0.0, ArmorBroken:True, Breached:False, WasBreached:False]
[CriticalHitSystem] CriticalHit[Core] Slot 8/20: MISS (empty slot)
[ShipSection] Core took 5.0 damage - DamageResult[Armor:0.0, Structure:5.0, Overflow:0.0, ArmorBroken:False, Breached:False, WasBreached:False, Critical: Miss (slot 8)]
]]></output>
        </test-case>
        <test-case id="1041" name="MountedSystem_StateTransitions_WorkCorrectly" fullname="CriticalHitTests.MountedSystem_StateTransitions_WorkCorrectly" methodname="MountedSystem_StateTransitions_WorkCorrectly" classname="CriticalHitTests" runstate="Runnable" seed="1143418107" result="Passed" start-time="2025-12-20 19:46:01Z" end-time="2025-12-20 19:46:01Z" duration="0.001568" asserts="0">
          <properties>
            <property name="retryIteration" value="0" />
            <property name="repeatIteration" value="0" />
          </properties>
          <output><![CDATA[[ShipSection] Initialized Core (custom) - Armor: 100, Structure: 20, Slots: 20
[MountedSystem] Initialized Main Engine at slots 1-15
[MountedSystem] Main Engine DAMAGED (hit #1)
[MountedSystem] Main Engine DESTROYED (hit #2)
[MountedSystem] Main Engine already destroyed, absorbing hit
]]></output>
        </test-case>
        <test-case id="1043" name="ShipSystemData_ReturnsCorrectSizes" fullname="CriticalHitTests.ShipSystemData_ReturnsCorrectSizes" methodname="ShipSystemData_ReturnsCorrectSizes" classname="CriticalHitTests" runstate="Runnable" seed="1263992632" result="Passed" start-time="2025-12-20 19:46:01Z" end-time="2025-12-20 19:46:01Z" duration="0.000550" asserts="0">
          <properties>
            <property name="retryIteration" value="0" />
            <property name="repeatIteration" value="0" />
          </properties>
          <output><![CDATA[[ShipSection] Initialized Core (custom) - Armor: 100, Structure: 20, Slots: 20
]]></output>
        </test-case>
        <test-case id="1034" name="SlotLayout_AssignsSystemToMultipleSlots" fullname="CriticalHitTests.SlotLayout_AssignsSystemToMultipleSlots" methodname="SlotLayout_AssignsSystemToMultipleSlots" classname="CriticalHitTests" runstate="Runnable" seed="654265990" result="Passed" start-time="2025-12-20 19:46:01Z" end-time="2025-12-20 19:46:01Z" duration="0.001250" asserts="0">
          <properties>
            <property name="retryIteration" value="0" />
            <property name="repeatIteration" value="0" />
          </properties>
          <output><![CDATA[[ShipSection] Initialized Core (custom) - Armor: 100, Structure: 20, Slots: 20
[MountedSystem] Initialized Reactor Core at slots 1-20
[SlotLayout] Added ReactorCore to Core at slots 1-20
]]></output>
        </test-case>
        <test-case id="1035" name="SlotLayout_ReportsOccupiedAndEmptySlots" fullname="CriticalHitTests.SlotLayout_ReportsOccupiedAndEmptySlots" methodname="SlotLayout_ReportsOccupiedAndEmptySlots" classname="CriticalHitTests" runstate="Runnable" seed="2039379692" result="Passed" start-time="2025-12-20 19:46:01Z" end-time="2025-12-20 19:46:01Z" duration="0.001611" asserts="0">
          <properties>
            <property name="retryIteration" value="0" />
            <property name="repeatIteration" value="0" />
          </properties>
          <output><![CDATA[[ShipSection] Initialized Core (custom) - Armor: 100, Structure: 20, Slots: 20
[MountedSystem] Initialized Newtonian Cannon at slots 1-8
[MountedSystem] Initialized PD Turret at slots 10-13
[SlotLayout] Added NewtonianCannon to Core at slots 1-8
[SlotLayout] Added PDTurret to Core at slots 10-13
]]></output>
        </test-case>
        <test-case id="1040" name="StructureDamage_TriggersCriticalRoll" fullname="CriticalHitTests.StructureDamage_TriggersCriticalRoll" methodname="StructureDamage_TriggersCriticalRoll" classname="CriticalHitTests" runstate="Runnable" seed="629130212" result="Passed" start-time="2025-12-20 19:46:01Z" end-time="2025-12-20 19:46:01Z" duration="0.003449" asserts="0">
          <properties>
            <property name="_JOINTYPE" value="UnityCombinatorial" />
            <property name="retryIteration" value="0" />
            <property name="repeatIteration" value="0" />
          </properties>
          <output><![CDATA[[ShipSection] Initialized Core (custom) - Armor: 100, Structure: 20, Slots: 20
TestShip: No HeatManager component found. Adding one automatically.
TestShip: No AbilitySystem component found. Abilities will not be available.
TestShip: No WeaponManager component found. Weapons will not be available.
[MountedSystem] Initialized Sensors at slots 1-6
[SlotLayout] Added Sensors to Core at slots 1-6
[ShipSection] Core armor broken!
[ShipSection] Core took 100.0 damage - DamageResult[Armor:100.0, Structure:0.0, Overflow:0.0, ArmorBroken:True, Breached:False, WasBreached:False]
[CriticalHitSystem] CriticalHit[Core] Slot 12/20: MISS (empty slot)
[ShipSection] Core took 10.0 damage - DamageResult[Armor:0.0, Structure:10.0, Overflow:0.0, ArmorBroken:False, Breached:False, WasBreached:False, Critical: Miss (slot 12)]
]]></output>
        </test-case>
      </test-suite>
      <test-suite type="TestFixture" id="1044" name="DamageUITests" fullname="DamageUITests" classname="DamageUITests" runstate="Runnable" testcasecount="10" result="Passed" start-time="2025-12-20 19:46:01Z" end-time="2025-12-20 19:46:01Z" duration="0.047866" total="10" passed="10" failed="0" inconclusive="0" skipped="0" asserts="0">
        <properties />
        <test-case id="1048" name="Test_CombatLogRecordsCriticals" fullname="DamageUITests.Test_CombatLogRecordsCriticals" methodname="Test_CombatLogRecordsCriticals" classname="DamageUITests" runstate="Runnable" seed="821815674" result="Passed" start-time="2025-12-20 19:46:01Z" end-time="2025-12-20 19:46:01Z" duration="0.005920" asserts="0">
          <properties>
            <property name="retryIteration" value="0" />
            <property name="repeatIteration" value="0" />
          </properties>
          <output><![CDATA[[ShieldSystem] Initialized with 200 shields
[ShipSection] Initialized Core (custom) - Armor: 50, Structure: 100, Slots: 100
[SectionManager] Registered section: Core
[ShipSection] Initialized Fore (custom) - Armor: 50, Structure: 100, Slots: 100
[SectionManager] Registered section: Fore
[ShipSection] Initialized Aft (custom) - Armor: 50, Structure: 100, Slots: 100
[SectionManager] Registered section: Aft
[ShipSection] Initialized Port (custom) - Armor: 50, Structure: 100, Slots: 100
[SectionManager] Registered section: Port
[ShipSection] Initialized Starboard (custom) - Armor: 50, Structure: 100, Slots: 100
[SectionManager] Registered section: Starboard
[ShipSection] Initialized Dorsal (custom) - Armor: 50, Structure: 100, Slots: 100
[SectionManager] Registered section: Dorsal
[ShipSection] Initialized Ventral (custom) - Armor: 50, Structure: 100, Slots: 100
[SectionManager] Registered section: Ventral
]]></output>
        </test-case>
        <test-case id="1047" name="Test_CombatLogRecordsHits" fullname="DamageUITests.Test_CombatLogRecordsHits" methodname="Test_CombatLogRecordsHits" classname="DamageUITests" runstate="Runnable" seed="1950497866" result="Passed" start-time="2025-12-20 19:46:01Z" end-time="2025-12-20 19:46:01Z" duration="0.003553" asserts="0">
          <properties>
            <property name="retryIteration" value="0" />
            <property name="repeatIteration" value="0" />
          </properties>
          <output><![CDATA[[ShieldSystem] Initialized with 200 shields
[ShipSection] Initialized Core (custom) - Armor: 50, Structure: 100, Slots: 100
[SectionManager] Registered section: Core
[ShipSection] Initialized Fore (custom) - Armor: 50, Structure: 100, Slots: 100
[SectionManager] Registered section: Fore
[ShipSection] Initialized Aft (custom) - Armor: 50, Structure: 100, Slots: 100
[SectionManager] Registered section: Aft
[ShipSection] Initialized Port (custom) - Armor: 50, Structure: 100, Slots: 100
[SectionManager] Registered section: Port
[ShipSection] Initialized Starboard (custom) - Armor: 50, Structure: 100, Slots: 100
[SectionManager] Registered section: Starboard
[ShipSection] Initialized Dorsal (custom) - Armor: 50, Structure: 100, Slots: 100
[SectionManager] Registered section: Dorsal
[ShipSection] Initialized Ventral (custom) - Armor: 50, Structure: 100, Slots: 100
[SectionManager] Registered section: Ventral
]]></output>
        </test-case>
        <test-case id="1050" name="Test_CoreIndicatorWhenExposed" fullname="DamageUITests.Test_CoreIndicatorWhenExposed" methodname="Test_CoreIndicatorWhenExposed" classname="DamageUITests" runstate="Runnable" seed="2003658069" result="Passed" start-time="2025-12-20 19:46:01Z" end-time="2025-12-20 19:46:01Z" duration="0.004320" asserts="0">
          <properties>
            <property name="retryIteration" value="0" />
            <property name="repeatIteration" value="0" />
          </properties>
          <output><![CDATA[[ShieldSystem] Initialized with 200 shields
[ShipSection] Initialized Core (custom) - Armor: 50, Structure: 100, Slots: 100
[SectionManager] Registered section: Core
[ShipSection] Initialized Fore (custom) - Armor: 50, Structure: 100, Slots: 100
[SectionManager] Registered section: Fore
[ShipSection] Initialized Aft (custom) - Armor: 50, Structure: 100, Slots: 100
[SectionManager] Registered section: Aft
[ShipSection] Initialized Port (custom) - Armor: 50, Structure: 100, Slots: 100
[SectionManager] Registered section: Port
[ShipSection] Initialized Starboard (custom) - Armor: 50, Structure: 100, Slots: 100
[SectionManager] Registered section: Starboard
[ShipSection] Initialized Dorsal (custom) - Armor: 50, Structure: 100, Slots: 100
[SectionManager] Registered section: Dorsal
[ShipSection] Initialized Ventral (custom) - Armor: 50, Structure: 100, Slots: 100
[SectionManager] Registered section: Ventral
[ShipSection] Fore armor broken!
[ShipSection] Fore BREACHED!
[ShipSection] Fore took 160.0 damage - DamageResult[Armor:50.0, Structure:100.0, Overflow:10.0, ArmorBroken:True, Breached:True, WasBreached:False, Critical: Miss (slot 25)]
]]></output>
        </test-case>
        <test-case id="1053" name="Test_DeathStateUIDisplay" fullname="DamageUITests.Test_DeathStateUIDisplay" methodname="Test_DeathStateUIDisplay" classname="DamageUITests" runstate="Runnable" seed="1915750756" result="Passed" start-time="2025-12-20 19:46:01Z" end-time="2025-12-20 19:46:01Z" duration="0.003225" asserts="0">
          <properties>
            <property name="retryIteration" value="0" />
            <property name="repeatIteration" value="0" />
          </properties>
          <output><![CDATA[[ShieldSystem] Initialized with 200 shields
[ShipSection] Initialized Core (custom) - Armor: 50, Structure: 100, Slots: 100
[SectionManager] Registered section: Core
[ShipSection] Initialized Fore (custom) - Armor: 50, Structure: 100, Slots: 100
[SectionManager] Registered section: Fore
[ShipSection] Initialized Aft (custom) - Armor: 50, Structure: 100, Slots: 100
[SectionManager] Registered section: Aft
[ShipSection] Initialized Port (custom) - Armor: 50, Structure: 100, Slots: 100
[SectionManager] Registered section: Port
[ShipSection] Initialized Starboard (custom) - Armor: 50, Structure: 100, Slots: 100
[SectionManager] Registered section: Starboard
[ShipSection] Initialized Dorsal (custom) - Armor: 50, Structure: 100, Slots: 100
[SectionManager] Registered section: Dorsal
[ShipSection] Initialized Ventral (custom) - Armor: 50, Structure: 100, Slots: 100
[SectionManager] Registered section: Ventral
]]></output>
        </test-case>
        <test-case id="1046" name="Test_SectionColorChangesWithDamage" fullname="DamageUITests.Test_SectionColorChangesWithDamage" methodname="Test_SectionColorChangesWithDamage" classname="DamageUITests" runstate="Runnable" seed="397876542" result="Passed" start-time="2025-12-20 19:46:01Z" end-time="2025-12-20 19:46:01Z" duration="0.005925" asserts="0">
          <properties>
            <property name="retryIteration" value="0" />
            <property name="repeatIteration" value="0" />
          </properties>
          <output><![CDATA[[ShieldSystem] Initialized with 200 shields
[ShipSection] Initialized Core (custom) - Armor: 50, Structure: 100, Slots: 100
[SectionManager] Registered section: Core
[ShipSection] Initialized Fore (custom) - Armor: 50, Structure: 100, Slots: 100
[SectionManager] Registered section: Fore
[ShipSection] Initialized Aft (custom) - Armor: 50, Structure: 100, Slots: 100
[SectionManager] Registered section: Aft
[ShipSection] Initialized Port (custom) - Armor: 50, Structure: 100, Slots: 100
[SectionManager] Registered section: Port
[ShipSection] Initialized Starboard (custom) - Armor: 50, Structure: 100, Slots: 100
[SectionManager] Registered section: Starboard
[ShipSection] Initialized Dorsal (custom) - Armor: 50, Structure: 100, Slots: 100
[SectionManager] Registered section: Dorsal
[ShipSection] Initialized Ventral (custom) - Armor: 50, Structure: 100, Slots: 100
[SectionManager] Registered section: Ventral
[ShipSection] Fore took 30.0 damage - DamageResult[Armor:30.0, Structure:0.0, Overflow:0.0, ArmorBroken:False, Breached:False, WasBreached:False]
[ShipSection] Fore armor broken!
[ShipSection] Fore took 25.0 damage - DamageResult[Armor:20.0, Structure:5.0, Overflow:0.0, ArmorBroken:True, Breached:False, WasBreached:False, Critical: Miss (slot 77)]
[ShipSection] Fore took 80.0 damage - DamageResult[Armor:0.0, Structure:80.0, Overflow:0.0, ArmorBroken:False, Breached:False, WasBreached:False, Critical: Miss (slot 15)]
[ShipSection] Fore BREACHED!
[ShipSection] Fore took 50.0 damage - DamageResult[Armor:0.0, Structure:15.0, Overflow:35.0, ArmorBroken:False, Breached:True, WasBreached:False, Critical: Miss (slot 67)]
]]></output>
        </test-case>
        <test-case id="1051" name="Test_SectionDetailShowsCorrectData" fullname="DamageUITests.Test_SectionDetailShowsCorrectData" methodname="Test_SectionDetailShowsCorrectData" classname="DamageUITests" runstate="Runnable" seed="1790057289" result="Passed" start-time="2025-12-20 19:46:01Z" end-time="2025-12-20 19:46:01Z" duration="0.006413" asserts="0">
          <properties>
            <property name="retryIteration" value="0" />
            <property name="repeatIteration" value="0" />
          </properties>
          <output><![CDATA[[ShieldSystem] Initialized with 200 shields
[ShipSection] Initialized Core (custom) - Armor: 50, Structure: 100, Slots: 100
[SectionManager] Registered section: Core
[ShipSection] Initialized Fore (custom) - Armor: 50, Structure: 100, Slots: 100
[SectionManager] Registered section: Fore
[ShipSection] Initialized Aft (custom) - Armor: 50, Structure: 100, Slots: 100
[SectionManager] Registered section: Aft
[ShipSection] Initialized Port (custom) - Armor: 50, Structure: 100, Slots: 100
[SectionManager] Registered section: Port
[ShipSection] Initialized Starboard (custom) - Armor: 50, Structure: 100, Slots: 100
[SectionManager] Registered section: Starboard
[ShipSection] Initialized Dorsal (custom) - Armor: 50, Structure: 100, Slots: 100
[SectionManager] Registered section: Dorsal
[ShipSection] Initialized Ventral (custom) - Armor: 50, Structure: 100, Slots: 100
[SectionManager] Registered section: Ventral
]]></output>
        </test-case>
        <test-case id="1045" name="Test_ShieldBarUpdatesOnDamage" fullname="DamageUITests.Test_ShieldBarUpdatesOnDamage" methodname="Test_ShieldBarUpdatesOnDamage" classname="DamageUITests" runstate="Runnable" seed="1639806860" result="Passed" start-time="2025-12-20 19:46:01Z" end-time="2025-12-20 19:46:01Z" duration="0.004229" asserts="0">
          <properties>
            <property name="retryIteration" value="0" />
            <property name="repeatIteration" value="0" />
          </properties>
          <output><![CDATA[[ShieldSystem] Initialized with 200 shields
[ShipSection] Initialized Core (custom) - Armor: 50, Structure: 100, Slots: 100
[SectionManager] Registered section: Core
[ShipSection] Initialized Fore (custom) - Armor: 50, Structure: 100, Slots: 100
[SectionManager] Registered section: Fore
[ShipSection] Initialized Aft (custom) - Armor: 50, Structure: 100, Slots: 100
[SectionManager] Registered section: Aft
[ShipSection] Initialized Port (custom) - Armor: 50, Structure: 100, Slots: 100
[SectionManager] Registered section: Port
[ShipSection] Initialized Starboard (custom) - Armor: 50, Structure: 100, Slots: 100
[SectionManager] Registered section: Starboard
[ShipSection] Initialized Dorsal (custom) - Armor: 50, Structure: 100, Slots: 100
[SectionManager] Registered section: Dorsal
[ShipSection] Initialized Ventral (custom) - Armor: 50, Structure: 100, Slots: 100
[SectionManager] Registered section: Ventral
[ShieldSystem] Absorbed 50.0 damage, 150.0 shields remaining
]]></output>
        </test-case>
        <test-case id="1049" name="Test_SystemIconShowsDamagedState" fullname="DamageUITests.Test_SystemIconShowsDamagedState" methodname="Test_SystemIconShowsDamagedState" classname="DamageUITests" runstate="Runnable" seed="1110328567" result="Passed" start-time="2025-12-20 19:46:01Z" end-time="2025-12-20 19:46:01Z" duration="0.003383" asserts="0">
          <properties>
            <property name="retryIteration" value="0" />
            <property name="repeatIteration" value="0" />
          </properties>
          <output><![CDATA[[ShieldSystem] Initialized with 200 shields
[ShipSection] Initialized Core (custom) - Armor: 50, Structure: 100, Slots: 100
[SectionManager] Registered section: Core
[ShipSection] Initialized Fore (custom) - Armor: 50, Structure: 100, Slots: 100
[SectionManager] Registered section: Fore
[ShipSection] Initialized Aft (custom) - Armor: 50, Structure: 100, Slots: 100
[SectionManager] Registered section: Aft
[ShipSection] Initialized Port (custom) - Armor: 50, Structure: 100, Slots: 100
[SectionManager] Registered section: Port
[ShipSection] Initialized Starboard (custom) - Armor: 50, Structure: 100, Slots: 100
[SectionManager] Registered section: Starboard
[ShipSection] Initialized Dorsal (custom) - Armor: 50, Structure: 100, Slots: 100
[SectionManager] Registered section: Dorsal
[ShipSection] Initialized Ventral (custom) - Armor: 50, Structure: 100, Slots: 100
[SectionManager] Registered section: Ventral
]]></output>
        </test-case>
        <test-case id="1054" name="Test_UIPerformanceWithManyEvents" fullname="DamageUITests.Test_UIPerformanceWithManyEvents" methodname="Test_UIPerformanceWithManyEvents" classname="DamageUITests" runstate="Runnable" seed="1502741988" result="Passed" start-time="2025-12-20 19:46:01Z" end-time="2025-12-20 19:46:01Z" duration="0.004651" asserts="0">
          <properties>
            <property name="retryIteration" value="0" />
            <property name="repeatIteration" value="0" />
          </properties>
          <output><![CDATA[[ShieldSystem] Initialized with 200 shields
[ShipSection] Initialized Core (custom) - Armor: 50, Structure: 100, Slots: 100
[SectionManager] Registered section: Core
[ShipSection] Initialized Fore (custom) - Armor: 50, Structure: 100, Slots: 100
[SectionManager] Registered section: Fore
[ShipSection] Initialized Aft (custom) - Armor: 50, Structure: 100, Slots: 100
[SectionManager] Registered section: Aft
[ShipSection] Initialized Port (custom) - Armor: 50, Structure: 100, Slots: 100
[SectionManager] Registered section: Port
[ShipSection] Initialized Starboard (custom) - Armor: 50, Structure: 100, Slots: 100
[SectionManager] Registered section: Starboard
[ShipSection] Initialized Dorsal (custom) - Armor: 50, Structure: 100, Slots: 100
[SectionManager] Registered section: Dorsal
[ShipSection] Initialized Ventral (custom) - Armor: 50, Structure: 100, Slots: 100
[SectionManager] Registered section: Ventral
]]></output>
        </test-case>
        <test-case id="1052" name="Test_UIUpdatesOnBreach" fullname="DamageUITests.Test_UIUpdatesOnBreach" methodname="Test_UIUpdatesOnBreach" classname="DamageUITests" runstate="Runnable" seed="949639260" result="Passed" start-time="2025-12-20 19:46:01Z" end-time="2025-12-20 19:46:01Z" duration="0.004556" asserts="0">
          <properties>
            <property name="retryIteration" value="0" />
            <property name="repeatIteration" value="0" />
          </properties>
          <output><![CDATA[[ShieldSystem] Initialized with 200 shields
[ShipSection] Initialized Core (custom) - Armor: 50, Structure: 100, Slots: 100
[SectionManager] Registered section: Core
[ShipSection] Initialized Fore (custom) - Armor: 50, Structure: 100, Slots: 100
[SectionManager] Registered section: Fore
[ShipSection] Initialized Aft (custom) - Armor: 50, Structure: 100, Slots: 100
[SectionManager] Registered section: Aft
[ShipSection] Initialized Port (custom) - Armor: 50, Structure: 100, Slots: 100
[SectionManager] Registered section: Port
[ShipSection] Initialized Starboard (custom) - Armor: 50, Structure: 100, Slots: 100
[SectionManager] Registered section: Starboard
[ShipSection] Initialized Dorsal (custom) - Armor: 50, Structure: 100, Slots: 100
[SectionManager] Registered section: Dorsal
[ShipSection] Initialized Ventral (custom) - Armor: 50, Structure: 100, Slots: 100
[SectionManager] Registered section: Ventral
[ShipSection] Port armor broken!
[ShipSection] Port BREACHED!
[ShipSection] Port took 160.0 damage - DamageResult[Armor:50.0, Structure:100.0, Overflow:10.0, ArmorBroken:True, Breached:True, WasBreached:False, Critical: Miss (slot 62)]
]]></output>
        </test-case>
      </test-suite>
      <test-suite type="TestFixture" id="1136" name="HeatCooldownIntegrationTests" fullname="HeatCooldownIntegrationTests" classname="HeatCooldownIntegrationTests" runstate="Runnable" testcasecount="10" result="Passed" start-time="2025-12-20 19:46:01Z" end-time="2025-12-20 19:46:01Z" duration="0.038881" total="10" passed="10" failed="0" inconclusive="0" skipped="0" asserts="0">
        <properties />
        <output><![CDATA[[DamageUIManager] Initialized for TestShip
[DamageUIManager] Initialized for TestShip
[DamageUIManager] Initialized for TestShip
[DamageUIManager] Initialized for TestShip
[DamageUIManager] Initialized for TestShip
[DamageUIManager] Initialized for TestShip
[DamageUIManager] Initialized for TestShip
[DamageUIManager] Initialized for TestShip
[DamageUIManager] Initialized for TestShip
[DamageUIManager] Initialized for TestShip
]]></output>
        <test-case id="1143" name="Test_AbilityCooldownTicks" fullname="HeatCooldownIntegrationTests.Test_AbilityCooldownTicks" methodname="Test_AbilityCooldownTicks" classname="HeatCooldownIntegrationTests" runstate="Runnable" seed="2073221490" result="Passed" start-time="2025-12-20 19:46:01Z" end-time="2025-12-20 19:46:01Z" duration="0.006911" asserts="0">
          <properties>
            <property name="_JOINTYPE" value="UnityCombinatorial" />
            <property name="retryIteration" value="0" />
            <property name="repeatIteration" value="0" />
          </properties>
          <reason>
            <message><![CDATA[Ability cooldowns processed without error]]></message>
          </reason>
          <output><![CDATA[[TurnEndProcessor] Tracking 0 ships
TurnManager initialized. Found 1 ships. Starting Turn 1 in Command Phase.
TestShip: No AbilitySystem component found. Abilities will not be available.
TestWeapon1 initialized on TestShip at hardpoint TestWeapon1
  Discovered weapon: TestWeapon1 on hardpoint TestWeapon1
TestWeapon2 initialized on TestShip at hardpoint TestWeapon2
  Discovered weapon: TestWeapon2 on hardpoint TestWeapon2
WeaponManager initialized on TestShip. Found 2 weapons.
]]></output>
        </test-case>
        <test-case id="1142" name="Test_CooldownStopsAtZero" fullname="HeatCooldownIntegrationTests.Test_CooldownStopsAtZero" methodname="Test_CooldownStopsAtZero" classname="HeatCooldownIntegrationTests" runstate="Runnable" seed="1130466094" result="Passed" start-time="2025-12-20 19:46:01Z" end-time="2025-12-20 19:46:01Z" duration="0.002551" asserts="0">
          <properties>
            <property name="_JOINTYPE" value="UnityCombinatorial" />
            <property name="retryIteration" value="0" />
            <property name="repeatIteration" value="0" />
          </properties>
          <output><![CDATA[[TurnEndProcessor] Tracking 0 ships
TurnManager initialized. Found 1 ships. Starting Turn 1 in Command Phase.
TestShip: No AbilitySystem component found. Abilities will not be available.
TestWeapon1 initialized on TestShip at hardpoint TestWeapon1
  Discovered weapon: TestWeapon1 on hardpoint TestWeapon1
TestWeapon2 initialized on TestShip at hardpoint TestWeapon2
  Discovered weapon: TestWeapon2 on hardpoint TestWeapon2
WeaponManager initialized on TestShip. Found 2 weapons.
]]></output>
        </test-case>
        <test-case id="1139" name="Test_DamagedRadiatorHalfBonus" fullname="HeatCooldownIntegrationTests.Test_DamagedRadiatorHalfBonus" methodname="Test_DamagedRadiatorHalfBonus" classname="HeatCooldownIntegrationTests" runstate="Runnable" seed="1381607631" result="Passed" start-time="2025-12-20 19:46:01Z" end-time="2025-12-20 19:46:01Z" duration="0.003959" asserts="0">
          <properties>
            <property name="_JOINTYPE" value="UnityCombinatorial" />
            <property name="retryIteration" value="0" />
            <property name="repeatIteration" value="0" />
          </properties>
          <output><![CDATA[[TurnEndProcessor] Tracking 0 ships
TurnManager initialized. Found 1 ships. Starting Turn 1 in Command Phase.
TestShip: No AbilitySystem component found. Abilities will not be available.
TestWeapon1 initialized on TestShip at hardpoint TestWeapon1
  Discovered weapon: TestWeapon1 on hardpoint TestWeapon1
TestWeapon2 initialized on TestShip at hardpoint TestWeapon2
  Discovered weapon: TestWeapon2 on hardpoint TestWeapon2
WeaponManager initialized on TestShip. Found 2 weapons.
[MountedSystem] Empty DAMAGED (hit #1)
[MountedRadiator] Radiator damaged - Cooling x0.5
[SystemDegradationManager] Cooling: x0.75 (7.5/10.0)
[SystemDegradationManager] System None changed: Operational -> Damaged
[SystemDegradationManager] Cooling: x0.75 (7.5/10.0)
[SystemDegradationManager] Cooling: x0.75 (7.5/10.0)
[SystemDegradationManager] Cached 0 engines, 2 radiators, 0 sensors, 0 reactors, 0 weapons
]]></output>
        </test-case>
        <test-case id="1140" name="Test_DestroyedRadiatorNoBonus" fullname="HeatCooldownIntegrationTests.Test_DestroyedRadiatorNoBonus" methodname="Test_DestroyedRadiatorNoBonus" classname="HeatCooldownIntegrationTests" runstate="Runnable" seed="1115574927" result="Passed" start-time="2025-12-20 19:46:01Z" end-time="2025-12-20 19:46:01Z" duration="0.004770" asserts="0">
[...]
            <property name="_JOINTYPE" value="UnityCombinatorial" />
            <property name="retryIteration" value="0" />
            <property name="repeatIteration" value="0" />
          </properties>
          <output><![CDATA[Initialized ballistic projectile pool with 20 objects
Initialized homing projectile pool with 20 objects
Initialized instant hit effect pool with 20 objects
TestShip: No AbilitySystem component found. Abilities will not be available.
Rail Gun initialized on TestShip at hardpoint RailGun_Hardpoint
  Discovered weapon: Rail Gun on hardpoint RailGun_Hardpoint
Newtonian Cannon initialized on TestShip at hardpoint Cannon_Hardpoint
  Discovered weapon: Newtonian Cannon on hardpoint Cannon_Hardpoint
WeaponManager initialized on TestShip. Found 2 weapons.
TargetShip: No AbilitySystem component found. Abilities will not be available.
TargetShip: No WeaponManager component found. Weapons will not be available.
]]></output>
        </test-case>
        <test-case id="1278" name="Test_CanFire" fullname="WeaponSystemTests.Test_CanFire" methodname="Test_CanFire" classname="WeaponSystemTests" runstate="Runnable" seed="121960470" result="Passed" start-time="2025-12-20 19:47:21Z" end-time="2025-12-20 19:47:21Z" duration="0.005126" asserts="0">
          <properties>
            <property name="_JOINTYPE" value="UnityCombinatorial" />
            <property name="retryIteration" value="0" />
            <property name="repeatIteration" value="0" />
          </properties>
          <output><![CDATA[Initialized ballistic projectile pool with 20 objects
Initialized homing projectile pool with 20 objects
Initialized instant hit effect pool with 20 objects
TestShip: No AbilitySystem component found. Abilities will not be available.
Rail Gun initialized on TestShip at hardpoint RailGun_Hardpoint
  Discovered weapon: Rail Gun on hardpoint RailGun_Hardpoint
Newtonian Cannon initialized on TestShip at hardpoint Cannon_Hardpoint
  Discovered weapon: Newtonian Cannon on hardpoint Cannon_Hardpoint
WeaponManager initialized on TestShip. Found 2 weapons.
TargetShip: No AbilitySystem component found. Abilities will not be available.
TargetShip: No WeaponManager component found. Weapons will not be available.
Rail Gun: No target assigned
Rail Gun targeting TargetShip
Rail Gun: Target out of range
Newtonian Cannon targeting TargetShip
Newtonian Cannon: Target not in firing arc
TargetShip - Shields: 200.0 → 0.0
TargetShip - Hull: 500.0 → 0.0
TargetShip has been destroyed!
Rail Gun: Target is dead
]]></output>
        </test-case>
        <test-case id="1281" name="Test_CannonBallisticSpawn" fullname="WeaponSystemTests.Test_CannonBallisticSpawn" methodname="Test_CannonBallisticSpawn" classname="WeaponSystemTests" runstate="Runnable" seed="63563373" result="Passed" start-time="2025-12-20 19:47:21Z" end-time="2025-12-20 19:47:21Z" duration="0.505075" asserts="0">
          <properties>
            <property name="_JOINTYPE" value="UnityCombinatorial" />
            <property name="retryIteration" value="0" />
            <property name="repeatIteration" value="0" />
          </properties>
          <output><![CDATA[Initialized ballistic projectile pool with 20 objects
Initialized homing projectile pool with 20 objects
Initialized instant hit effect pool with 20 objects
TestShip: No AbilitySystem component found. Abilities will not be available.
Rail Gun initialized on TestShip at hardpoint RailGun_Hardpoint
  Discovered weapon: Rail Gun on hardpoint RailGun_Hardpoint
Newtonian Cannon initialized on TestShip at hardpoint Cannon_Hardpoint
  Discovered weapon: Newtonian Cannon on hardpoint Cannon_Hardpoint
WeaponManager initialized on TestShip. Found 2 weapons.
TargetShip: No AbilitySystem component found. Abilities will not be available.
TargetShip: No WeaponManager component found. Weapons will not be available.
Newtonian Cannon targeting TargetShip
Newtonian Cannon spinning up for 0.5s...
BallisticProjectile initialized: Damage=40, Speed=15, Owner=TestShip
BallisticProjectile velocity: (1.49, 0.00, 14.93), speed: 15
Spawned ballistic projectile at (-1.00, 0.00, 0.00)
Newtonian Cannon fired! Ballistic projectile toward TargetShip (lead target at (0.00, 0.00, 10.00))
TestShip - Planned heat: 30.0 (Total with current: 30.0)
TestShip - Heat committed. Current: 30.0, Tier: Safe
]]></output>
        </test-case>
        <test-case id="1279" name="Test_GroupAssignment" fullname="WeaponSystemTests.Test_GroupAssignment" methodname="Test_GroupAssignment" classname="WeaponSystemTests" runstate="Runnable" seed="1906548045" result="Passed" start-time="2025-12-20 19:47:21Z" end-time="2025-12-20 19:47:21Z" duration="0.004931" asserts="0">
          <properties>
            <property name="_JOINTYPE" value="UnityCombinatorial" />
            <property name="retryIteration" value="0" />
            <property name="repeatIteration" value="0" />
          </properties>
          <output><![CDATA[Initialized ballistic projectile pool with 20 objects
Initialized homing projectile pool with 20 objects
Initialized instant hit effect pool with 20 objects
TestShip: No AbilitySystem component found. Abilities will not be available.
Rail Gun initialized on TestShip at hardpoint RailGun_Hardpoint
  Discovered weapon: Rail Gun on hardpoint RailGun_Hardpoint
Newtonian Cannon initialized on TestShip at hardpoint Cannon_Hardpoint
  Discovered weapon: Newtonian Cannon on hardpoint Cannon_Hardpoint
WeaponManager initialized on TestShip. Found 2 weapons.
TargetShip: No AbilitySystem component found. Abilities will not be available.
TargetShip: No WeaponManager component found. Weapons will not be available.
Rail Gun assigned to group 1
Assigned Rail Gun to group 1
Newtonian Cannon assigned to group 2
Assigned Newtonian Cannon to group 2
Rail Gun assigned to group 2
Assigned Rail Gun to group 2
]]></output>
        </test-case>
        <test-case id="1286" name="Test_OverchargeMultiplier" fullname="WeaponSystemTests.Test_OverchargeMultiplier" methodname="Test_OverchargeMultiplier" classname="WeaponSystemTests" runstate="Runnable" seed="1160645036" result="Passed" start-time="2025-12-20 19:47:21Z" end-time="2025-12-20 19:47:23Z" duration="1.704889" asserts="0">
          <properties>
            <property name="_JOINTYPE" value="UnityCombinatorial" />
            <property name="retryIteration" value="0" />
            <property name="repeatIteration" value="0" />
          </properties>
          <output><![CDATA[Initialized ballistic projectile pool with 20 objects
Initialized homing projectile pool with 20 objects
Initialized instant hit effect pool with 20 objects
TestShip: No AbilitySystem component found. Abilities will not be available.
Rail Gun initialized on TestShip at hardpoint RailGun_Hardpoint
  Discovered weapon: Rail Gun on hardpoint RailGun_Hardpoint
Newtonian Cannon initialized on TestShip at hardpoint Cannon_Hardpoint
  Discovered weapon: Newtonian Cannon on hardpoint Cannon_Hardpoint
WeaponManager initialized on TestShip. Found 2 weapons.
TargetShip: No AbilitySystem component found. Abilities will not be available.
TargetShip: No WeaponManager component found. Weapons will not be available.
TargetShip - Shields: 200.0 → 0.0
Rail Gun targeting TargetShip
Rail Gun spinning up for 0.2s...
BallisticProjectile initialized: Damage=40, Speed=40, Owner=TestShip
BallisticProjectile velocity: (-3.98, 0.00, 39.80), speed: 40
Spawned ballistic projectile at (1.00, 0.00, 0.00)
Rail Gun fired! Fast projectile toward TargetShip at 40 units/sec
TestShip - Planned heat: 30.0 (Total with current: 30.0)
TestShip - Heat committed. Current: 30.0, Tier: Safe
BallisticProjectile hit TargetShip for 40 damage
TargetShip - Hull: 500.0 → 460.0
Rail Gun spinning up for 0.2s...
BallisticProjectile initialized: Damage=20, Speed=40, Owner=TestShip
BallisticProjectile velocity: (-3.98, 0.00, 39.80), speed: 40
Spawned ballistic projectile at (1.00, 0.00, 0.00)
Rail Gun fired! Fast projectile toward TargetShip at 40 units/sec
TestShip - Planned heat: 15.0 (Total with current: 45.0)
TestShip - Heat committed. Current: 45.0, Tier: Safe
BallisticProjectile hit TargetShip for 20 damage
TargetShip - Hull: 460.0 → 440.0
]]></output>
        </test-case>
        <test-case id="1280" name="Test_RailGunFastProjectile" fullname="WeaponSystemTests.Test_RailGunFastProjectile" methodname="Test_RailGunFastProjectile" classname="WeaponSystemTests" runstate="Runnable" seed="1161123870" result="Passed" start-time="2025-12-20 19:47:23Z" end-time="2025-12-20 19:47:24Z" duration="0.704650" asserts="0">
          <properties>
            <property name="_JOINTYPE" value="UnityCombinatorial" />
            <property name="retryIteration" value="0" />
            <property name="repeatIteration" value="0" />
          </properties>
          <output><![CDATA[Initialized ballistic projectile pool with 20 objects
Initialized homing projectile pool with 20 objects
Initialized instant hit effect pool with 20 objects
TestShip: No AbilitySystem component found. Abilities will not be available.
Rail Gun initialized on TestShip at hardpoint RailGun_Hardpoint
  Discovered weapon: Rail Gun on hardpoint RailGun_Hardpoint
Newtonian Cannon initialized on TestShip at hardpoint Cannon_Hardpoint
  Discovered weapon: Newtonian Cannon on hardpoint Cannon_Hardpoint
WeaponManager initialized on TestShip. Found 2 weapons.
TargetShip: No AbilitySystem component found. Abilities will not be available.
TargetShip: No WeaponManager component found. Weapons will not be available.
Rail Gun targeting TargetShip
Rail Gun spinning up for 0.2s...
BallisticProjectile initialized: Damage=20, Speed=40, Owner=TestShip
BallisticProjectile velocity: (-3.98, 0.00, 39.80), speed: 40
Spawned ballistic projectile at (1.00, 0.00, 0.00)
Rail Gun fired! Fast projectile toward TargetShip at 40 units/sec
TestShip - Planned heat: 15.0 (Total with current: 15.0)
TestShip - Heat committed. Current: 15.0, Tier: Safe
BallisticProjectile hit TargetShip for 20 damage
TargetShip - Shields: 200.0 → 180.0
]]></output>
        </test-case>
        <test-case id="1277" name="Test_RangeCheck" fullname="WeaponSystemTests.Test_RangeCheck" methodname="Test_RangeCheck" classname="WeaponSystemTests" runstate="Runnable" seed="440418966" result="Passed" start-time="2025-12-20 19:47:24Z" end-time="2025-12-20 19:47:24Z" duration="0.005222" asserts="0">
          <properties>
            <property name="_JOINTYPE" value="UnityCombinatorial" />
            <property name="retryIteration" value="0" />
            <property name="repeatIteration" value="0" />
          </properties>
          <output><![CDATA[Initialized ballistic projectile pool with 20 objects
Initialized homing projectile pool with 20 objects
Initialized instant hit effect pool with 20 objects
TestShip: No AbilitySystem component found. Abilities will not be available.
Rail Gun initialized on TestShip at hardpoint RailGun_Hardpoint
  Discovered weapon: Rail Gun on hardpoint RailGun_Hardpoint
Newtonian Cannon initialized on TestShip at hardpoint Cannon_Hardpoint
  Discovered weapon: Newtonian Cannon on hardpoint Cannon_Hardpoint
WeaponManager initialized on TestShip. Found 2 weapons.
TargetShip: No AbilitySystem component found. Abilities will not be available.
TargetShip: No WeaponManager component found. Weapons will not be available.
]]></output>
        </test-case>
        <test-case id="1285" name="Test_SpinUpDelay" fullname="WeaponSystemTests.Test_SpinUpDelay" methodname="Test_SpinUpDelay" classname="WeaponSystemTests" runstate="Runnable" seed="2000369616" result="Passed" start-time="2025-12-20 19:47:24Z" end-time="2025-12-20 19:47:24Z" duration="0.705015" asserts="0">
          <properties>
            <property name="_JOINTYPE" value="UnityCombinatorial" />
            <property name="retryIteration" value="0" />
            <property name="repeatIteration" value="0" />
          </properties>
          <output><![CDATA[Initialized ballistic projectile pool with 20 objects
Initialized homing projectile pool with 20 objects
Initialized instant hit effect pool with 20 objects
TestShip: No AbilitySystem component found. Abilities will not be available.
Rail Gun initialized on TestShip at hardpoint RailGun_Hardpoint
  Discovered weapon: Rail Gun on hardpoint RailGun_Hardpoint
Newtonian Cannon initialized on TestShip at hardpoint Cannon_Hardpoint
  Discovered weapon: Newtonian Cannon on hardpoint Cannon_Hardpoint
WeaponManager initialized on TestShip. Found 2 weapons.
TargetShip: No AbilitySystem component found. Abilities will not be available.
TargetShip: No WeaponManager component found. Weapons will not be available.
TargetShip - Shields: 200.0 → 0.0
Rail Gun targeting TargetShip
Rail Gun spinning up for 0.2s...
BallisticProjectile initialized: Damage=20, Speed=40, Owner=TestShip
BallisticProjectile velocity: (-3.98, 0.00, 39.80), speed: 40
Spawned ballistic projectile at (1.00, 0.00, 0.00)
Rail Gun fired! Fast projectile toward TargetShip at 40 units/sec
TestShip - Planned heat: 15.0 (Total with current: 15.0)
TestShip - Heat committed. Current: 15.0, Tier: Safe
BallisticProjectile hit TargetShip for 20 damage
TargetShip - Hull: 500.0 → 480.0
]]></output>
        </test-case>
        <test-case id="1282" name="Test_WeaponCooldown" fullname="WeaponSystemTests.Test_WeaponCooldown" methodname="Test_WeaponCooldown" classname="WeaponSystemTests" runstate="Runnable" seed="1256619617" result="Passed" start-time="2025-12-20 19:47:24Z" end-time="2025-12-20 19:47:24Z" duration="0.004518" asserts="0">
          <properties>
            <property name="_JOINTYPE" value="UnityCombinatorial" />
            <property name="retryIteration" value="0" />
            <property name="repeatIteration" value="0" />
          </properties>
          <output><![CDATA[Initialized ballistic projectile pool with 20 objects
Initialized homing projectile pool with 20 objects
Initialized instant hit effect pool with 20 objects
TestShip: No AbilitySystem component found. Abilities will not be available.
Rail Gun initialized on TestShip at hardpoint RailGun_Hardpoint
  Discovered weapon: Rail Gun on hardpoint RailGun_Hardpoint
Newtonian Cannon initialized on TestShip at hardpoint Cannon_Hardpoint
  Discovered weapon: Newtonian Cannon on hardpoint Cannon_Hardpoint
WeaponManager initialized on TestShip. Found 2 weapons.
TargetShip: No AbilitySystem component found. Abilities will not be available.
TargetShip: No WeaponManager component found. Weapons will not be available.
Rail Gun on cooldown for 3 turns
Rail Gun cooldown finished
]]></output>
        </test-case>
        <test-case id="1284" name="Test_WeaponGroupHeatCalculation" fullname="WeaponSystemTests.Test_WeaponGroupHeatCalculation" methodname="Test_WeaponGroupHeatCalculation" classname="WeaponSystemTests" runstate="Runnable" seed="2055542919" result="Passed" start-time="2025-12-20 19:47:24Z" end-time="2025-12-20 19:47:24Z" duration="0.004593" asserts="0">
          <properties>
            <property name="_JOINTYPE" value="UnityCombinatorial" />
            <property name="retryIteration" value="0" />
            <property name="repeatIteration" value="0" />
          </properties>
          <output><![CDATA[Initialized ballistic projectile pool with 20 objects
Initialized homing projectile pool with 20 objects
Initialized instant hit effect pool with 20 objects
TestShip: No AbilitySystem component found. Abilities will not be available.
Rail Gun initialized on TestShip at hardpoint RailGun_Hardpoint
  Discovered weapon: Rail Gun on hardpoint RailGun_Hardpoint
Newtonian Cannon initialized on TestShip at hardpoint Cannon_Hardpoint
  Discovered weapon: Newtonian Cannon on hardpoint Cannon_Hardpoint
WeaponManager initialized on TestShip. Found 2 weapons.
TargetShip: No AbilitySystem component found. Abilities will not be available.
TargetShip: No WeaponManager component found. Weapons will not be available.
Rail Gun assigned to group 1
Assigned Rail Gun to group 1
Newtonian Cannon assigned to group 1
Assigned Newtonian Cannon to group 1
Rail Gun targeting TargetShip
Newtonian Cannon targeting TargetShip
]]></output>
        </test-case>
        <test-case id="1283" name="Test_WeaponHeatCost" fullname="WeaponSystemTests.Test_WeaponHeatCost" methodname="Test_WeaponHeatCost" classname="WeaponSystemTests" runstate="Runnable" seed="1281285132" result="Passed" start-time="2025-12-20 19:47:24Z" end-time="2025-12-20 19:47:25Z" duration="0.704817" asserts="0">
          <properties>
            <property name="_JOINTYPE" value="UnityCombinatorial" />
            <property name="retryIteration" value="0" />
            <property name="repeatIteration" value="0" />
          </properties>
          <output><![CDATA[Initialized ballistic projectile pool with 20 objects
Initialized homing projectile pool with 20 objects
Initialized instant hit effect pool with 20 objects
TestShip: No AbilitySystem component found. Abilities will not be available.
Rail Gun initialized on TestShip at hardpoint RailGun_Hardpoint
  Discovered weapon: Rail Gun on hardpoint RailGun_Hardpoint
Newtonian Cannon initialized on TestShip at hardpoint Cannon_Hardpoint
  Discovered weapon: Newtonian Cannon on hardpoint Cannon_Hardpoint
WeaponManager initialized on TestShip. Found 2 weapons.
TargetShip: No AbilitySystem component found. Abilities will not be available.
TargetShip: No WeaponManager component found. Weapons will not be available.
Rail Gun targeting TargetShip
Rail Gun spinning up for 0.2s...
BallisticProjectile initialized: Damage=20, Speed=40, Owner=TestShip
BallisticProjectile velocity: (-3.98, 0.00, 39.80), speed: 40
Spawned ballistic projectile at (1.00, 0.00, 0.00)
Rail Gun fired! Fast projectile toward TargetShip at 40 units/sec
TestShip - Planned heat: 15.0 (Total with current: 15.0)
TestShip - Heat committed. Current: 15.0, Tier: Safe
Newtonian Cannon targeting TargetShip
Newtonian Cannon spinning up for 0.5s...
BallisticProjectile hit TargetShip for 20 damage
TargetShip - Shields: 200.0 → 180.0
BallisticProjectile initialized: Damage=40, Speed=15, Owner=TestShip
BallisticProjectile velocity: (1.49, 0.00, 14.93), speed: 15
Spawned ballistic projectile at (-1.00, 0.00, 0.00)
Newtonian Cannon fired! Ballistic projectile toward TargetShip (lead target at (0.00, 0.00, 10.00))
TestShip - Planned heat: 30.0 (Total with current: 45.0)
TestShip - Heat committed. Current: 45.0, Tier: Safe
]]></output>
        </test-case>
        <test-case id="1275" name="Test_WeaponInitialization" fullname="WeaponSystemTests.Test_WeaponInitialization" methodname="Test_WeaponInitialization" classname="WeaponSystemTests" runstate="Runnable" seed="966639598" result="Passed" start-time="2025-12-20 19:47:25Z" end-time="2025-12-20 19:47:25Z" duration="0.004053" asserts="0">
          <properties>
            <property name="_JOINTYPE" value="UnityCombinatorial" />
            <property name="retryIteration" value="0" />
            <property name="repeatIteration" value="0" />
          </properties>
          <output><![CDATA[Initialized ballistic projectile pool with 20 objects
Initialized homing projectile pool with 20 objects
Initialized instant hit effect pool with 20 objects
TestShip: No AbilitySystem component found. Abilities will not be available.
Rail Gun initialized on TestShip at hardpoint RailGun_Hardpoint
  Discovered weapon: Rail Gun on hardpoint RailGun_Hardpoint
Newtonian Cannon initialized on TestShip at hardpoint Cannon_Hardpoint
  Discovered weapon: Newtonian Cannon on hardpoint Cannon_Hardpoint
WeaponManager initialized on TestShip. Found 2 weapons.
TargetShip: No AbilitySystem component found. Abilities will not be available.
TargetShip: No WeaponManager component found. Weapons will not be available.
Saving results to: H:\Repo\DeadLock_Controls\TestResults_UnifiedFixed2.xml
]]></output>
        </test-case>
      </test-suite>
    </test-suite>
  </test-suite>
</test-run>