<?xml version="1.0" encoding="utf-8"?>
<test-run id="2" testcasecount="10" result="Failed(Child)" total="10" passed="5" failed="5" inconclusive="0" skipped="0" asserts="0" engine-version="3.5.0.0" clr-version="4.0.30319.42000" start-time="2025-12-20 01:31:23Z" end-time="2025-12-20 01:31:23Z" duration="0.0763957">
  <test-suite type="TestSuite" id="1233" name="Deadlock" fullname="Deadlock" runstate="Runnable" testcasecount="208" result="Failed" site="Child" start-time="2025-12-20 01:31:23Z" end-time="2025-12-20 01:31:23Z" duration="0.076396" total="10" passed="5" failed="5" inconclusive="0" skipped="0" asserts="0">
    <properties>
      <property name="platform" value="PlayMode" />
    </properties>
    <failure>
      <message><![CDATA[One or more child tests had errors]]></message>
    </failure>
    <test-suite type="Assembly" id="1231" name="PlayModeTests.dll" fullname="H:/Repo/DeadLock_Controls/Library/ScriptAssemblies/PlayModeTests.dll" runstate="Runnable" testcasecount="208" result="Failed" site="Child" start-time="2025-12-20 01:31:23Z" end-time="2025-12-20 01:31:23Z" duration="0.069271" total="10" passed="5" failed="5" inconclusive="0" skipped="0" asserts="0">
      <properties>
        <property name="_PID" value="20888" />
        <property name="_APPDOMAIN" value="Unity Child Domain" />
        <property name="platform" value="PlayMode" />
        <property name="EditorOnly" value="False" />
      </properties>
      <failure>
        <message><![CDATA[One or more child tests had errors]]></message>
      </failure>
      <test-suite type="TestFixture" id="1136" name="TurnSystemIntegrationTests" fullname="TurnSystemIntegrationTests" classname="TurnSystemIntegrationTests" runstate="Runnable" testcasecount="10" result="Failed" site="Child" start-time="2025-12-20 01:31:23Z" end-time="2025-12-20 01:31:23Z" duration="0.063393" total="10" passed="5" failed="5" inconclusive="0" skipped="0" asserts="0">
        <properties />
        <failure>
          <message><![CDATA[One or more child tests had errors]]></message>
        </failure>
        <test-case id="1144" name="Test_CombatCoordinatorOrchestrates" fullname="TurnSystemIntegrationTests.Test_CombatCoordinatorOrchestrates" methodname="Test_CombatCoordinatorOrchestrates" classname="TurnSystemIntegrationTests" runstate="Runnable" seed="807686010" result="Passed" start-time="2025-12-20 01:31:23Z" end-time="2025-12-20 01:31:23Z" duration="0.023996" asserts="0">
          <properties>
            <property name="_JOINTYPE" value="UnityCombinatorial" />
            <property name="retryIteration" value="0" />
            <property name="repeatIteration" value="0" />
          </properties>
          <output><![CDATA[TurnManager initialized. Found 1 ships. Starting Turn 1 in Command Phase.
[CombatCoordinator] Command Phase started - awaiting orders
TestShip: No HeatManager component found. Adding one automatically.
TestShip: No AbilitySystem component found. Abilities will not be available.
TestShip: No WeaponManager component found. Weapons will not be available.
Turn 1: Ending Command Phase...
Checking for collisions...
[CombatCoordinator] Simulation Phase started - beginning combat sequence
[CombatCoordinator] === SIMULATION SEQUENCE BEGIN ===
[CombatCoordinator] Stage 1: Movement (0.9s)
All abilities executed
Turn 1: Simulation Phase started. Duration: 3s
]]></output>
        </test-case>
        <test-case id="1138" name="Test_CommandPhaseEventFires" fullname="TurnSystemIntegrationTests.Test_CommandPhaseEventFires" methodname="Test_CommandPhaseEventFires" classname="TurnSystemIntegrationTests" runstate="Runnable" seed="74090092" result="Failed" start-time="2025-12-20 01:31:23Z" end-time="2025-12-20 01:31:23Z" duration="0.005115" asserts="0">
          <properties>
            <property name="_JOINTYPE" value="UnityCombinatorial" />
            <property name="retryIteration" value="0" />
            <property name="repeatIteration" value="0" />
          </properties>
          <failure>
            <message><![CDATA[  OnCommandPhaseStart should fire when entering command phase
  Expected: True
  But was:  False
]]></message>
            <stack-trace><![CDATA[at TurnSystemIntegrationTests+<Test_CommandPhaseEventFires>d__9.MoveNext () [0x00070] in H:\Repo\DeadLock_Controls\Assets\Tests\PlayModeTests\Integration\TurnSystemIntegrationTests.cs:85
at UnityEngine.TestTools.TestEnumerator+<Execute>d__7.MoveNext () [0x0004e] in .\Library\PackageCache\com.unity.test-framework@d97b7cd61ded\UnityEngine.TestRunner\NUnitExtensions\Attributes\TestEnumerator.cs:44
]]></stack-trace>
          </failure>
          <output><![CDATA[TestShip: No HeatManager component found. Adding one automatically.
TestShip: No AbilitySystem component found. Abilities will not be available.
TestShip: No WeaponManager component found. Weapons will not be available.
]]></output>
        </test-case>
        <test-case id="1146" name="Test_MultipleSubscribers" fullname="TurnSystemIntegrationTests.Test_MultipleSubscribers" methodname="Test_MultipleSubscribers" classname="TurnSystemIntegrationTests" runstate="Runnable" seed="154414619" result="Passed" start-time="2025-12-20 01:31:23Z" end-time="2025-12-20 01:31:23Z" duration="0.003706" asserts="0">
          <properties>
            <property name="_JOINTYPE" value="UnityCombinatorial" />
            <property name="retryIteration" value="0" />
            <property name="repeatIteration" value="0" />
          </properties>
          <output><![CDATA[TurnManager initialized. Found 2 ships. Starting Turn 1 in Command Phase.
[CombatCoordinator] Command Phase started - awaiting orders
TestShip: No HeatManager component found. Adding one automatically.
TestShip: No AbilitySystem component found. Abilities will not be available.
TestShip: No WeaponManager component found. Weapons will not be available.
Turn 1: Ending Command Phase...
Checking for collisions...
[CombatCoordinator] Simulation Phase started - beginning combat sequence
[CombatCoordinator] === SIMULATION SEQUENCE BEGIN ===
[CombatCoordinator] Stage 1: Movement (0.9s)
All abilities executed
Turn 1: Simulation Phase started. Duration: 3s
]]></output>
        </test-case>
        <test-case id="1142" name="Test_PhaseTransitionOrder" fullname="TurnSystemIntegrationTests.Test_PhaseTransitionOrder" methodname="Test_PhaseTransitionOrder" classname="TurnSystemIntegrationTests" runstate="Runnable" seed="1036430120" result="Failed" label="Error" start-time="2025-12-20 01:31:23Z" end-time="2025-12-20 01:31:23Z" duration="0.003330" asserts="0">
          <properties>
            <property name="_JOINTYPE" value="UnityCombinatorial" />
            <property name="retryIteration" value="0" />
            <property name="repeatIteration" value="0" />
          </properties>
          <failure>
            <message><![CDATA[System.NullReferenceException : Object reference not set to an instance of an object]]></message>
            <stack-trace><![CDATA[  at TurnManager.EndCommandPhase () [0x000ae] in H:\Repo\DeadLock_Controls\Assets\Scripts\Movement\TurnManager.cs:188 
  at TurnManager.StartSimulation () [0x00001] in H:\Repo\DeadLock_Controls\Assets\Scripts\Movement\TurnManager.cs:207 
  at TurnSystemIntegrationTests+<Test_PhaseTransitionOrder>d__13.MoveNext () [0x00124] in H:\Repo\DeadLock_Controls\Assets\Tests\PlayModeTests\Integration\TurnSystemIntegrationTests.cs:159 
  at UnityEngine.TestTools.TestEnumerator+<Execute>d__7.MoveNext () [0x0004e] in .\Library\PackageCache\com.unity.test-framework@d97b7cd61ded\UnityEngine.TestRunner\NUnitExtensions\Attributes\TestEnumerator.cs:44 ]]></stack-trace>
          </failure>
          <output><![CDATA[TestShip: No HeatManager component found. Adding one automatically.
TestShip: No AbilitySystem component found. Abilities will not be available.
TestShip: No WeaponManager component found. Weapons will not be available.
Turn 1: Ending Command Phase...
Checking for collisions...
CheckCollisions called but no ships registered
]]></output>
        </test-case>
        <test-case id="1139" name="Test_SimulationPhaseEventFires" fullname="TurnSystemIntegrationTests.Test_SimulationPhaseEventFires" methodname="Test_SimulationPhaseEventFires" classname="TurnSystemIntegrationTests" runstate="Runnable" seed="448352947" result="Passed" start-time="2025-12-20 01:31:23Z" end-time="2025-12-20 01:31:23Z" duration="0.002944" asserts="0">
          <properties>
            <property name="_JOINTYPE" value="UnityCombinatorial" />
            <property name="retryIteration" value="0" />
            <property name="repeatIteration" value="0" />
          </properties>
          <output><![CDATA[TurnManager initialized. Found 2 ships. Starting Turn 1 in Command Phase.
[CombatCoordinator] Command Phase started - awaiting orders
TestShip: No HeatManager component found. Adding one automatically.
TestShip: No AbilitySystem component found. Abilities will not be available.
TestShip: No WeaponManager component found. Weapons will not be available.
Turn 1: Ending Command Phase...
Checking for collisions...
[CombatCoordinator] Simulation Phase started - beginning combat sequence
[CombatCoordinator] === SIMULATION SEQUENCE BEGIN ===
[CombatCoordinator] Stage 1: Movement (0.9s)
All abilities executed
Turn 1: Simulation Phase started. Duration: 3s
]]></output>
        </test-case>
        <test-case id="1145" name="Test_SimulationProgressUpdates" fullname="TurnSystemIntegrationTests.Test_SimulationProgressUpdates" methodname="Test_SimulationProgressUpdates" classname="TurnSystemIntegrationTests" runstate="Runnable" seed="1925920274" result="Failed" label="Error" start-time="2025-12-20 01:31:23Z" end-time="2025-12-20 01:31:23Z" duration="0.001960" asserts="0">
          <properties>
            <property name="_JOINTYPE" value="UnityCombinatorial" />
            <property name="retryIteration" value="0" />
            <property name="repeatIteration" value="0" />
          </properties>
          <failure>
            <message><![CDATA[System.NullReferenceException : Object reference not set to an instance of an object]]></message>
            <stack-trace><![CDATA[  at TurnManager.EndCommandPhase () [0x000ae] in H:\Repo\DeadLock_Controls\Assets\Scripts\Movement\TurnManager.cs:188 
  at TurnManager.StartSimulation () [0x00001] in H:\Repo\DeadLock_Controls\Assets\Scripts\Movement\TurnManager.cs:207 
  at TurnSystemIntegrationTests+<Test_SimulationProgressUpdates>d__16.MoveNext () [0x0008e] in H:\Repo\DeadLock_Controls\Assets\Tests\PlayModeTests\Integration\TurnSystemIntegrationTests.cs:231 
  at UnityEngine.TestTools.TestEnumerator+<Execute>d__7.MoveNext () [0x0004e] in .\Library\PackageCache\com.unity.test-framework@d97b7cd61ded\UnityEngine.TestRunner\NUnitExtensions\Attributes\TestEnumerator.cs:44 ]]></stack-trace>
          </failure>
          <output><![CDATA[TestShip: No HeatManager component found. Adding one automatically.
TestShip: No AbilitySystem component found. Abilities will not be available.
TestShip: No WeaponManager component found. Weapons will not be available.
Turn 1: Ending Command Phase...
Checking for collisions...
CheckCollisions called but no ships registered
]]></output>
        </test-case>
        <test-case id="1143" name="Test_SubscriberReceivesEvents" fullname="TurnSystemIntegrationTests.Test_SubscriberReceivesEvents" methodname="Test_SubscriberReceivesEvents" classname="TurnSystemIntegrationTests" runstate="Runnable" seed="2005503140" result="Passed" start-time="2025-12-20 01:31:23Z" end-time="2025-12-20 01:31:23Z" duration="0.004248" asserts="0">
          <properties>
            <property name="_JOINTYPE" value="UnityCombinatorial" />
            <property name="retryIteration" value="0" />
            <property name="repeatIteration" value="0" />
          </properties>
          <output><![CDATA[TurnManager initialized. Found 2 ships. Starting Turn 1 in Command Phase.
[CombatCoordinator] Command Phase started - awaiting orders
TestShip: No HeatManager component found. Adding one automatically.
TestShip: No AbilitySystem component found. Abilities will not be available.
TestShip: No WeaponManager component found. Weapons will not be available.
Turn 1: Ending Command Phase...
Checking for collisions...
[CombatCoordinator] Simulation Phase started - beginning combat sequence
[CombatCoordinator] === SIMULATION SEQUENCE BEGIN ===
[CombatCoordinator] Stage 1: Movement (0.9s)
All abilities executed
Turn 1: Simulation Phase started. Duration: 3s
]]></output>
        </test-case>
        <test-case id="1141" name="Test_TurnCounterIncrements" fullname="TurnSystemIntegrationTests.Test_TurnCounterIncrements" methodname="Test_TurnCounterIncrements" classname="TurnSystemIntegrationTests" runstate="Runnable" seed="1592544321" result="Failed" label="Error" start-time="2025-12-20 01:31:23Z" end-time="2025-12-20 01:31:23Z" duration="0.002300" asserts="0">
          <properties>
            <property name="_JOINTYPE" value="UnityCombinatorial" />
            <property name="retryIteration" value="0" />
            <property name="repeatIteration" value="0" />
          </properties>
          <failure>
            <message><![CDATA[System.NullReferenceException : Object reference not set to an instance of an object]]></message>
            <stack-trace><![CDATA[  at TurnManager.EndCommandPhase () [0x000ae] in H:\Repo\DeadLock_Controls\Assets\Scripts\Movement\TurnManager.cs:188 
  at TurnManager.StartSimulation () [0x00001] in H:\Repo\DeadLock_Controls\Assets\Scripts\Movement\TurnManager.cs:207 
  at TurnSystemIntegrationTests+<Test_TurnCounterIncrements>d__12.MoveNext () [0x00079] in H:\Repo\DeadLock_Controls\Assets\Tests\PlayModeTests\Integration\TurnSystemIntegrationTests.cs:134 
  at UnityEngine.TestTools.TestEnumerator+<Execute>d__7.MoveNext () [0x0004e] in .\Library\PackageCache\com.unity.test-framework@d97b7cd61ded\UnityEngine.TestRunner\NUnitExtensions\Attributes\TestEnumerator.cs:44 ]]></stack-trace>
          </failure>
          <output><![CDATA[TestShip: No HeatManager component found. Adding one automatically.
TestShip: No AbilitySystem component found. Abilities will not be available.
TestShip: No WeaponManager component found. Weapons will not be available.
Turn 1: Ending Command Phase...
Checking for collisions...
CheckCollisions called but no ships registered
]]></output>
        </test-case>
        <test-case id="1140" name="Test_TurnEndEventFires" fullname="TurnSystemIntegrationTests.Test_TurnEndEventFires" methodname="Test_TurnEndEventFires" classname="TurnSystemIntegrationTests" runstate="Runnable" seed="1908633787" result="Passed" start-time="2025-12-20 01:31:23Z" end-time="2025-12-20 01:31:23Z" duration="0.004897" asserts="0">
          <properties>
            <property name="_JOINTYPE" value="UnityCombinatorial" />
            <property name="retryIteration" value="0" />
            <property name="repeatIteration" value="0" />
          </properties>
          <output><![CDATA[TurnManager initialized. Found 2 ships. Starting Turn 1 in Command Phase.
[CombatCoordinator] Command Phase started - awaiting orders
TestShip: No HeatManager component found. Adding one automatically.
TestShip: No AbilitySystem component found. Abilities will not be available.
TestShip: No WeaponManager component found. Weapons will not be available.
Turn 1: Ending Command Phase...
Checking for collisions...
[CombatCoordinator] Simulation Phase started - beginning combat sequence
[CombatCoordinator] === SIMULATION SEQUENCE BEGIN ===
[CombatCoordinator] Stage 1: Movement (0.9s)
All abilities executed
Turn 1: Simulation Phase started. Duration: 3s
Turn 1: Ending Simulation Phase...
[CombatCoordinator] Simulation Phase ended - combat complete
[CombatCoordinator] Turn 1 ended
Turn 1 complete. Starting Turn 2 in Command Phase.
[CombatCoordinator] Command Phase started - awaiting orders
]]></output>
        </test-case>
        <test-case id="1137" name="Test_TurnManagerEventsExist" fullname="TurnSystemIntegrationTests.Test_TurnManagerEventsExist" methodname="Test_TurnManagerEventsExist" classname="TurnSystemIntegrationTests" runstate="Runnable" seed="2079558978" result="Failed" start-time="2025-12-20 01:31:23Z" end-time="2025-12-20 01:31:23Z" duration="0.001627" asserts="0">
          <properties>
            <property name="_JOINTYPE" value="UnityCombinatorial" />
            <property name="retryIteration" value="0" />
            <property name="repeatIteration" value="0" />
          </properties>
          <failure>
            <message><![CDATA[  OnTurnStart should fire on initialization
  Expected: True
  But was:  False
]]></message>
            <stack-trace><![CDATA[at TurnSystemIntegrationTests+<Test_TurnManagerEventsExist>d__8.MoveNext () [0x00159] in H:\Repo\DeadLock_Controls\Assets\Tests\PlayModeTests\Integration\TurnSystemIntegrationTests.cs:71
at UnityEngine.TestTools.TestEnumerator+<Execute>d__7.MoveNext () [0x0004e] in .\Library\PackageCache\com.unity.test-framework@d97b7cd61ded\UnityEngine.TestRunner\NUnitExtensions\Attributes\TestEnumerator.cs:44
]]></stack-trace>
          </failure>
          <output><![CDATA[TestShip: No HeatManager component found. Adding one automatically.
TestShip: No AbilitySystem component found. Abilities will not be available.
TestShip: No WeaponManager component found. Weapons will not be available.
Saving results to: H:\Repo\DeadLock_Controls\TestResults_TurnSystem2.xml
]]></output>
        </test-case>
      </test-suite>
    </test-suite>
  </test-suite>
</test-run>